Using pre-set license
Built from '2021.3/staging' branch; Version is '2021.3.9f1 (ad3870b89536) revision 11352176'; Using compiler version '192829333'; Build Type 'Release'
OS: 'Windows 11  (10.0.22000) 64bit Professional' Language: 'en' Physical Memory: 16322 MB
BatchMode: 1, IsHumanControllingUs: 0, StartBugReporterOnCrash: 0, Is64bit: 1, IsPro: 1

COMMAND LINE ARGUMENTS:
C:\Program Files\Unity\Hub\Editor\2021.3.9f1\Editor\Unity.exe
-adb2
-batchMode
-noUpm
-name
AssetImportWorker0
-projectPath
D:/Proyectos/Unity/Weg-game/WegGame
-logFile
Logs/AssetImportWorker0.log
-srvPort
53386
Successfully changed project path to: D:/Proyectos/Unity/Weg-game/WegGame
D:/Proyectos/Unity/Weg-game/WegGame
[UnityMemory] Configuration Parameters - Can be set up in boot.config
    "memorysetup-bucket-allocator-granularity=16"
    "memorysetup-bucket-allocator-bucket-count=8"
    "memorysetup-bucket-allocator-block-size=33554432"
    "memorysetup-bucket-allocator-block-count=8"
    "memorysetup-main-allocator-block-size=16777216"
    "memorysetup-thread-allocator-block-size=16777216"
    "memorysetup-gfx-main-allocator-block-size=16777216"
    "memorysetup-gfx-thread-allocator-block-size=16777216"
    "memorysetup-cache-allocator-block-size=4194304"
    "memorysetup-typetree-allocator-block-size=2097152"
    "memorysetup-profiler-bucket-allocator-granularity=16"
    "memorysetup-profiler-bucket-allocator-bucket-count=8"
    "memorysetup-profiler-bucket-allocator-block-size=33554432"
    "memorysetup-profiler-bucket-allocator-block-count=8"
    "memorysetup-profiler-allocator-block-size=16777216"
    "memorysetup-profiler-editor-allocator-block-size=1048576"
    "memorysetup-temp-allocator-size-main=16777216"
    "memorysetup-job-temp-allocator-block-size=2097152"
    "memorysetup-job-temp-allocator-block-size-background=1048576"
    "memorysetup-job-temp-allocator-reduction-small-platforms=262144"
    "memorysetup-temp-allocator-size-background-worker=32768"
    "memorysetup-temp-allocator-size-job-worker=262144"
    "memorysetup-temp-allocator-size-preload-manager=33554432"
    "memorysetup-temp-allocator-size-nav-mesh-worker=65536"
    "memorysetup-temp-allocator-size-audio-worker=65536"
    "memorysetup-temp-allocator-size-cloud-worker=32768"
    "memorysetup-temp-allocator-size-gi-baking-worker=262144"
    "memorysetup-temp-allocator-size-gfx=262144"
Refreshing native plugins compatible for Editor in 91.66 ms, found 3 plugins.
Preloading 0 native plugins for Editor in 0.00 ms.
Initialize engine version: 2021.3.9f1 (ad3870b89536)
[Subsystems] Discovering subsystems at path C:/Program Files/Unity/Hub/Editor/2021.3.9f1/Editor/Data/Resources/UnitySubsystems
[Subsystems] Discovering subsystems at path D:/Proyectos/Unity/Weg-game/WegGame/Assets
GfxDevice: creating device client; threaded=0; jobified=0
Direct3D:
    Version:  Direct3D 11.0 [level 11.1]
    Renderer: NVIDIA GeForce GTX 1650 (ID=0x1f82)
    Vendor:   NVIDIA
    VRAM:     3962 MB
    Driver:   27.21.14.5671
Initialize mono
Mono path[0] = 'C:/Program Files/Unity/Hub/Editor/2021.3.9f1/Editor/Data/Managed'
Mono path[1] = 'C:/Program Files/Unity/Hub/Editor/2021.3.9f1/Editor/Data/MonoBleedingEdge/lib/mono/unityjit-win32'
Mono config path = 'C:/Program Files/Unity/Hub/Editor/2021.3.9f1/Editor/Data/MonoBleedingEdge/etc'
Using monoOptions --debugger-agent=transport=dt_socket,embedding=1,server=y,suspend=n,address=127.0.0.1:56544
Begin MonoManager ReloadAssembly
Registering precompiled unity dll's ...
Register platform support module: C:/Program Files/Unity/Hub/Editor/2021.3.9f1/Editor/Data/PlaybackEngines/WebGLSupport/UnityEditor.WebGL.Extensions.dll
Register platform support module: C:/Program Files/Unity/Hub/Editor/2021.3.9f1/Editor/Data/PlaybackEngines/WindowsStandaloneSupport/UnityEditor.WindowsStandalone.Extensions.dll
Registered in 0.006558 seconds.
Native extension for WindowsStandalone target not found
Native extension for WebGL target not found
Refreshing native plugins compatible for Editor in 118.81 ms, found 3 plugins.
Preloading 0 native plugins for Editor in 0.00 ms.
Mono: successfully reloaded assembly
- Completed reload, in  0.726 seconds
Domain Reload Profiling:
	ReloadAssembly (726ms)
		BeginReloadAssembly (80ms)
			ExecutionOrderSort (0ms)
			DisableScriptedObjects (0ms)
			BackupInstance (0ms)
			ReleaseScriptingObjects (0ms)
			CreateAndSetChildDomain (1ms)
		EndReloadAssembly (526ms)
			LoadAssemblies (78ms)
			RebuildTransferFunctionScriptingTraits (0ms)
			SetupTypeCache (123ms)
			ReleaseScriptCaches (0ms)
			RebuildScriptCaches (33ms)
			SetupLoadedEditorAssemblies (315ms)
				LogAssemblyErrors (0ms)
				InitializePlatformSupportModulesInManaged (9ms)
				SetLoadedEditorAssemblies (0ms)
				RefreshPlugins (119ms)
				BeforeProcessingInitializeOnLoad (1ms)
				ProcessInitializeOnLoadAttributes (136ms)
				ProcessInitializeOnLoadMethodAttributes (50ms)
				AfterProcessingInitializeOnLoad (0ms)
				EditorAssembliesLoaded (0ms)
			ExecutionOrderSort2 (0ms)
			AwakeInstancesAfterBackupRestoration (0ms)
Platform modules already initialized, skipping
Registering precompiled user dll's ...
Registered in 0.004291 seconds.
Begin MonoManager ReloadAssembly
Symbol file LoadedFromMemory doesn't match image D:\Proyectos\Unity\Weg-game\WegGame\Library\PackageCache\com.unity.visualscripting@1.7.8\Editor\VisualScripting.Core\Dependencies\YamlDotNet\Unity.VisualScripting.YamlDotNet.dll
Symbol file LoadedFromMemory doesn't match image D:\Proyectos\Unity\Weg-game\WegGame\Library\PackageCache\com.unity.visualscripting@1.7.8\Editor\VisualScripting.Core\Dependencies\DotNetZip\Unity.VisualScripting.IonicZip.dll
Native extension for WindowsStandalone target not found
Native extension for WebGL target not found
Refreshing native plugins compatible for Editor in 0.72 ms, found 3 plugins.
Preloading 0 native plugins for Editor in 0.00 ms.
Mono: successfully reloaded assembly
- Completed reload, in  1.226 seconds
Domain Reload Profiling:
	ReloadAssembly (1227ms)
		BeginReloadAssembly (117ms)
			ExecutionOrderSort (0ms)
			DisableScriptedObjects (7ms)
			BackupInstance (0ms)
			ReleaseScriptingObjects (0ms)
			CreateAndSetChildDomain (19ms)
		EndReloadAssembly (985ms)
			LoadAssemblies (86ms)
			RebuildTransferFunctionScriptingTraits (0ms)
			SetupTypeCache (319ms)
			ReleaseScriptCaches (1ms)
			RebuildScriptCaches (95ms)
			SetupLoadedEditorAssemblies (409ms)
				LogAssemblyErrors (0ms)
				InitializePlatformSupportModulesInManaged (8ms)
				SetLoadedEditorAssemblies (1ms)
				RefreshPlugins (1ms)
				BeforeProcessingInitializeOnLoad (95ms)
				ProcessInitializeOnLoadAttributes (267ms)
				ProcessInitializeOnLoadMethodAttributes (30ms)
				AfterProcessingInitializeOnLoad (9ms)
				EditorAssembliesLoaded (0ms)
			ExecutionOrderSort2 (0ms)
			AwakeInstancesAfterBackupRestoration (7ms)
Platform modules already initialized, skipping
========================================================================
Worker process is ready to serve import requests
Launched and connected shader compiler UnityShaderCompiler.exe after 0.06 seconds
Refreshing native plugins compatible for Editor in 0.72 ms, found 3 plugins.
Preloading 0 native plugins for Editor in 0.00 ms.
Unloading 3755 Unused Serialized files (Serialized files now loaded: 0)
Unloading 28 unused Assets / (154.5 KB). Loaded Objects now: 4218.
Memory consumption went from 134.7 MB to 134.5 MB.
Total: 4.837900 ms (FindLiveObjects: 0.285000 ms CreateObjectMapping: 0.191600 ms MarkObjects: 4.009000 ms  DeleteObjects: 0.351300 ms)

AssetImportParameters requested are different than current active one (requested -> active):
  custom:video-decoder-ogg-theora: a1e56fd34408186e4bbccfd4996cb3dc -> 
  custom:container-muxer-webm: aa71ff27fc2769a1b78a27578f13a17b -> 
  custom:container-demuxer-webm: 4f35f7cbe854078d1ac9338744f61a02 -> 
  custom:video-encoder-webm-vp8: eb34c28f22e8b96e1ab97ce403110664 -> 
  custom:audio-encoder-webm-vorbis: bf7c407c2cedff20999df2af8eb42d56 -> 
  custom:framework-win-MediaFoundation: 216162199b28c13a410421893ffa2e32 -> 
  custom:container-demuxer-ogg: 62fdf1f143b41e24485cea50d1cbac27 -> 
  custom:video-decoder-webm-vp8: 9c59270c3fd7afecdb556c50c9e8de78 -> 
  custom:audio-decoder-ogg-vorbis: bf7c407c2cedff20999df2af8eb42d56 -> 
========================================================================
Received Import Request.
  Time since last request: 21448.023403 seconds.
  path: Assets/Suburban Structure Kit/Models/Roof1.fbx
  artifactKey: Guid(856b9fc7a0cc68b448471557ea873023) Importer(815301076,1909f56bfc062723c751e8b465ee728b)
Start importing Assets/Suburban Structure Kit/Models/Roof1.fbx using Guid(856b9fc7a0cc68b448471557ea873023) Importer(815301076,1909f56bfc062723c751e8b465ee728b)  -> (artifact id: 'a73b36f79c387b915c1763b8c4ae6b14') in 0.240451 seconds 
========================================================================
Received Import Request.
  Time since last request: 0.000019 seconds.
  path: Assets/Suburban Structure Kit/Textures/TexturesCom_Metal_SteelRough_1K_albedo 2.tif
  artifactKey: Guid(ea701a0994fbcaf4b8afd209a69cc7c1) Importer(815301076,1909f56bfc062723c751e8b465ee728b)
Start importing Assets/Suburban Structure Kit/Textures/TexturesCom_Metal_SteelRough_1K_albedo 2.tif using Guid(ea701a0994fbcaf4b8afd209a69cc7c1) Importer(815301076,1909f56bfc062723c751e8b465ee728b)  -> (artifact id: 'c041c35790fa23157f0075dc244f6a3c') in 0.037327 seconds 
========================================================================
Received Import Request.
  Time since last request: 0.000026 seconds.
  path: Assets/Suburban Structure Kit/Textures/BrownShingles.png
  artifactKey: Guid(ef0147215a1d17b47bd6b7534c86ce05) Importer(815301076,1909f56bfc062723c751e8b465ee728b)
Start importing Assets/Suburban Structure Kit/Textures/BrownShingles.png using Guid(ef0147215a1d17b47bd6b7534c86ce05) Importer(815301076,1909f56bfc062723c751e8b465ee728b)  -> (artifact id: 'cc492e88995f3640d8980c1eb02cf5a0') in 0.029297 seconds 
========================================================================
Received Import Request.
  Time since last request: 0.000018 seconds.
  path: Assets/Suburban Structure Kit/Textures/TexturesCom_Metal_SteelRough_1K_albedo 1.tif
  artifactKey: Guid(5d56e6700c87fb044becad5e52e6f098) Importer(815301076,1909f56bfc062723c751e8b465ee728b)
Start importing Assets/Suburban Structure Kit/Textures/TexturesCom_Metal_SteelRough_1K_albedo 1.tif using Guid(5d56e6700c87fb044becad5e52e6f098) Importer(815301076,1909f56bfc062723c751e8b465ee728b)  -> (artifact id: 'd6fb655943d52e3ff16155603b3a0691') in 0.017168 seconds 
========================================================================
Received Import Request.
  Time since last request: 0.000033 seconds.
  path: Assets/Suburban Structure Kit/Textures/LightHardwood 1.png
  artifactKey: Guid(68b15713045a87845a8ce4dfb111f17e) Importer(815301076,1909f56bfc062723c751e8b465ee728b)
Start importing Assets/Suburban Structure Kit/Textures/LightHardwood 1.png using Guid(68b15713045a87845a8ce4dfb111f17e) Importer(815301076,1909f56bfc062723c751e8b465ee728b)  -> (artifact id: '658980ad87699a9c72369f43474929c1') in 0.012438 seconds 
========================================================================
Received Import Request.
  Time since last request: 0.000016 seconds.
  path: Assets/Suburban Structure Kit/Models/JBlockRect1.fbx
  artifactKey: Guid(89630f3922fc77347a75b2bfe0f9a2d2) Importer(815301076,1909f56bfc062723c751e8b465ee728b)
Start importing Assets/Suburban Structure Kit/Models/JBlockRect1.fbx using Guid(89630f3922fc77347a75b2bfe0f9a2d2) Importer(815301076,1909f56bfc062723c751e8b465ee728b)  -> (artifact id: '40b6b00591238f105ead3b66be23d98f') in 0.053293 seconds 
========================================================================
Received Import Request.
  Time since last request: 0.000022 seconds.
  path: Assets/Suburban Structure Kit/Textures/TexturesCom_Metal_AluminumBrushed_1K_albedo.tif
  artifactKey: Guid(0201250ee289a5847adf7e051631bdea) Importer(815301076,1909f56bfc062723c751e8b465ee728b)
Start importing Assets/Suburban Structure Kit/Textures/TexturesCom_Metal_AluminumBrushed_1K_albedo.tif using Guid(0201250ee289a5847adf7e051631bdea) Importer(815301076,1909f56bfc062723c751e8b465ee728b)  -> (artifact id: 'bcfdda70bfde8462cda9749240f65ae8') in 0.010206 seconds 
========================================================================
Received Import Request.
  Time since last request: 0.000023 seconds.
  path: Assets/Suburban Structure Kit/Textures/LightHardwoodB.png
  artifactKey: Guid(0b350603694c8764487bbb304743e6ef) Importer(815301076,1909f56bfc062723c751e8b465ee728b)
Start importing Assets/Suburban Structure Kit/Textures/LightHardwoodB.png using Guid(0b350603694c8764487bbb304743e6ef) Importer(815301076,1909f56bfc062723c751e8b465ee728b)  -> (artifact id: '57bda6dff73b54bd15ac14725e2b66d9') in 0.012336 seconds 
========================================================================
Received Import Request.
  Time since last request: 0.000022 seconds.
  path: Assets/Suburban Structure Kit/Models/SquarePillar.fbx
  artifactKey: Guid(fa10921985abfbe4bae1ef1c6a278c46) Importer(815301076,1909f56bfc062723c751e8b465ee728b)
Start importing Assets/Suburban Structure Kit/Models/SquarePillar.fbx using Guid(fa10921985abfbe4bae1ef1c6a278c46) Importer(815301076,1909f56bfc062723c751e8b465ee728b)  -> (artifact id: 'e74dea32992bb6eac24e44a4201a793a') in 0.041198 seconds 
========================================================================
Received Import Request.
  Time since last request: 0.000029 seconds.
  path: Assets/Suburban Structure Kit/Textures/FineWood3.png
  artifactKey: Guid(4906a4c4e35d1f94fadee159736088b0) Importer(815301076,1909f56bfc062723c751e8b465ee728b)
Start importing Assets/Suburban Structure Kit/Textures/FineWood3.png using Guid(4906a4c4e35d1f94fadee159736088b0) Importer(815301076,1909f56bfc062723c751e8b465ee728b)  -> (artifact id: 'e98931262f91e8213bde6fb9bca8998f') in 0.016699 seconds 
========================================================================
Received Import Request.
  Time since last request: 0.000023 seconds.
  path: Assets/Suburban Structure Kit/Models/ISCorner.fbx
  artifactKey: Guid(d91f9368a0fd3704291559f188afa8da) Importer(815301076,1909f56bfc062723c751e8b465ee728b)
Start importing Assets/Suburban Structure Kit/Models/ISCorner.fbx using Guid(d91f9368a0fd3704291559f188afa8da) Importer(815301076,1909f56bfc062723c751e8b465ee728b)  -> (artifact id: '5bdb840fd3ed59167e8cf29cf44ca15d') in 0.043218 seconds 
========================================================================
Received Import Request.
  Time since last request: 0.000027 seconds.
  path: Assets/Suburban Structure Kit/Textures/StackedStone1.png
  artifactKey: Guid(0decb85550cb85a47a3a1d0e0ba6bd3d) Importer(815301076,1909f56bfc062723c751e8b465ee728b)
Start importing Assets/Suburban Structure Kit/Textures/StackedStone1.png using Guid(0decb85550cb85a47a3a1d0e0ba6bd3d) Importer(815301076,1909f56bfc062723c751e8b465ee728b)  -> (artifact id: 'b352748d445d4da9478d94e7e9e3e485') in 0.012772 seconds 
========================================================================
Received Import Request.
  Time since last request: 0.000017 seconds.
  path: Assets/Suburban Structure Kit/Textures/TexturesCom_Metal_SteelPlain_1K_albedo 2.tif
  artifactKey: Guid(62c810d0fff846c418168a1fab5eabb8) Importer(815301076,1909f56bfc062723c751e8b465ee728b)
Start importing Assets/Suburban Structure Kit/Textures/TexturesCom_Metal_SteelPlain_1K_albedo 2.tif using Guid(62c810d0fff846c418168a1fab5eabb8) Importer(815301076,1909f56bfc062723c751e8b465ee728b)  -> (artifact id: 'ff7eea2ea5174d88373213c74bdc9981') in 0.013410 seconds 
========================================================================
Received Import Request.
  Time since last request: 0.000019 seconds.
  path: Assets/Suburban Structure Kit/Textures/GreyTiles.png
  artifactKey: Guid(4cf870e853e23624dbdf81d1765a69de) Importer(815301076,1909f56bfc062723c751e8b465ee728b)
Start importing Assets/Suburban Structure Kit/Textures/GreyTiles.png using Guid(4cf870e853e23624dbdf81d1765a69de) Importer(815301076,1909f56bfc062723c751e8b465ee728b)  -> (artifact id: '5fc25c20f6299e79660e868a1cf4195a') in 0.015112 seconds 
========================================================================
Received Import Request.
  Time since last request: 0.000134 seconds.
  path: Assets/Suburban Structure Kit/Models/Handrail.fbx
  artifactKey: Guid(f9d42e360c6772a45aaea040d2e8dae3) Importer(815301076,1909f56bfc062723c751e8b465ee728b)
Start importing Assets/Suburban Structure Kit/Models/Handrail.fbx using Guid(f9d42e360c6772a45aaea040d2e8dae3) Importer(815301076,1909f56bfc062723c751e8b465ee728b)  -> (artifact id: '39d668881bef168cc436dca9931421e1') in 0.042049 seconds 
========================================================================
Received Import Request.
  Time since last request: 0.000021 seconds.
  path: Assets/Suburban Structure Kit/Textures/Concrete 1.png
  artifactKey: Guid(d85ef168108823e4fa5016b139a00b80) Importer(815301076,1909f56bfc062723c751e8b465ee728b)
Start importing Assets/Suburban Structure Kit/Textures/Concrete 1.png using Guid(d85ef168108823e4fa5016b139a00b80) Importer(815301076,1909f56bfc062723c751e8b465ee728b)  -> (artifact id: '2cc660bf7fd9bfb27e536a3c68ee0bf0') in 0.012138 seconds 
========================================================================
Received Import Request.
  Time since last request: 0.000029 seconds.
  path: Assets/Suburban Structure Kit/Textures/Woodgrain 1.png
  artifactKey: Guid(41cc1e840115b7f42b4ec33a6dad844b) Importer(815301076,1909f56bfc062723c751e8b465ee728b)
Start importing Assets/Suburban Structure Kit/Textures/Woodgrain 1.png using Guid(41cc1e840115b7f42b4ec33a6dad844b) Importer(815301076,1909f56bfc062723c751e8b465ee728b)  -> (artifact id: 'a9acc4debd3877b3f3f5e69dde1389c9') in 0.013586 seconds 
========================================================================
Received Import Request.
  Time since last request: 0.000018 seconds.
  path: Assets/Suburban Structure Kit/Models/Baseblock.fbx
  artifactKey: Guid(0db0e574662556d4780fb87e48f746ba) Importer(815301076,1909f56bfc062723c751e8b465ee728b)
Start importing Assets/Suburban Structure Kit/Models/Baseblock.fbx using Guid(0db0e574662556d4780fb87e48f746ba) Importer(815301076,1909f56bfc062723c751e8b465ee728b)  -> (artifact id: '3ee99df7b1849995d0c01c77bf73dd22') in 0.036554 seconds 
========================================================================
Received Import Request.
  Time since last request: 0.000027 seconds.
  path: Assets/Suburban Structure Kit/Models/CedarTriangle.fbx
  artifactKey: Guid(562333ec7122e7d40b22433f06e2b3c1) Importer(815301076,1909f56bfc062723c751e8b465ee728b)
Start importing Assets/Suburban Structure Kit/Models/CedarTriangle.fbx using Guid(562333ec7122e7d40b22433f06e2b3c1) Importer(815301076,1909f56bfc062723c751e8b465ee728b)  -> (artifact id: 'e7cefd6c34a5f7b9b615a9dda24b3b6c') in 0.052177 seconds 
========================================================================
Received Import Request.
  Time since last request: 0.000032 seconds.
  path: Assets/Suburban Structure Kit/Models/HandrailBracket.fbx
  artifactKey: Guid(cc4edba430a5e8443bb7405bdab8e221) Importer(815301076,1909f56bfc062723c751e8b465ee728b)
Start importing Assets/Suburban Structure Kit/Models/HandrailBracket.fbx using Guid(cc4edba430a5e8443bb7405bdab8e221) Importer(815301076,1909f56bfc062723c751e8b465ee728b)  -> (artifact id: '4dd40b1482ca44c3598305a2c183c579') in 0.034451 seconds 
========================================================================
Received Import Request.
  Time since last request: 0.000026 seconds.
  path: Assets/Suburban Structure Kit/Models/WindowDoubleCasing1.fbx
  artifactKey: Guid(5cb02f3192189a345b51bfe49308eba0) Importer(815301076,1909f56bfc062723c751e8b465ee728b)
Start importing Assets/Suburban Structure Kit/Models/WindowDoubleCasing1.fbx using Guid(5cb02f3192189a345b51bfe49308eba0) Importer(815301076,1909f56bfc062723c751e8b465ee728b)  -> (artifact id: 'aa1fc9c1112b384aead4c7ffc2362a73') in 0.033626 seconds 
========================================================================
Received Import Request.
  Time since last request: 0.000016 seconds.
  path: Assets/Suburban Structure Kit/Textures/TileFloorA.png
  artifactKey: Guid(349e72f354299fe4e86bcd81dd6b55f5) Importer(815301076,1909f56bfc062723c751e8b465ee728b)
Start importing Assets/Suburban Structure Kit/Textures/TileFloorA.png using Guid(349e72f354299fe4e86bcd81dd6b55f5) Importer(815301076,1909f56bfc062723c751e8b465ee728b)  -> (artifact id: '979b348bb4ed372530187960cfc5ea57') in 0.012183 seconds 
========================================================================
Received Import Request.
  Time since last request: 0.000022 seconds.
  path: Assets/Suburban Structure Kit/Models/SquareStraightPillar.fbx
  artifactKey: Guid(11b526298437a844d80c70e1d9394f8e) Importer(815301076,1909f56bfc062723c751e8b465ee728b)
Start importing Assets/Suburban Structure Kit/Models/SquareStraightPillar.fbx using Guid(11b526298437a844d80c70e1d9394f8e) Importer(815301076,1909f56bfc062723c751e8b465ee728b)  -> (artifact id: '44fb71ccab2df5ca2ae0250d28ce941f') in 0.034023 seconds 
========================================================================
Received Import Request.
  Time since last request: 0.000035 seconds.
  path: Assets/Suburban Structure Kit/Textures/FineWood2.png
  artifactKey: Guid(7ba67a0ca5ffb9a46b755c2dd0cf33f7) Importer(815301076,1909f56bfc062723c751e8b465ee728b)
Start importing Assets/Suburban Structure Kit/Textures/FineWood2.png using Guid(7ba67a0ca5ffb9a46b755c2dd0cf33f7) Importer(815301076,1909f56bfc062723c751e8b465ee728b)  -> (artifact id: '04a0e5ee0018d546c5389c55844ea8c6') in 0.014468 seconds 
========================================================================
Received Import Request.
  Time since last request: 0.000017 seconds.
  path: Assets/Suburban Structure Kit/Models/DoorknobGeorgian.fbx
  artifactKey: Guid(0d2fb4998089bd14a8689f9b9bca10d9) Importer(815301076,1909f56bfc062723c751e8b465ee728b)
Start importing Assets/Suburban Structure Kit/Models/DoorknobGeorgian.fbx using Guid(0d2fb4998089bd14a8689f9b9bca10d9) Importer(815301076,1909f56bfc062723c751e8b465ee728b)  -> (artifact id: '23f69246d381273da9ed96da27260b5b') in 0.053807 seconds 
========================================================================
Received Import Request.
  Time since last request: 0.000024 seconds.
  path: Assets/Suburban Structure Kit/Models/Overhang.fbx
  artifactKey: Guid(98cc34048d39d784a98039fa8a444630) Importer(815301076,1909f56bfc062723c751e8b465ee728b)
Start importing Assets/Suburban Structure Kit/Models/Overhang.fbx using Guid(98cc34048d39d784a98039fa8a444630) Importer(815301076,1909f56bfc062723c751e8b465ee728b)  -> (artifact id: 'a8e2b1f8c03b3cdd3b7824babdc2c3c6') in 0.058758 seconds 
========================================================================
Received Import Request.
  Time since last request: 0.000028 seconds.
  path: Assets/Suburban Structure Kit/Models/EaveDownpipe45.fbx
  artifactKey: Guid(9ba670fc74501ad439301eadc662496a) Importer(815301076,1909f56bfc062723c751e8b465ee728b)
Start importing Assets/Suburban Structure Kit/Models/EaveDownpipe45.fbx using Guid(9ba670fc74501ad439301eadc662496a) Importer(815301076,1909f56bfc062723c751e8b465ee728b)  -> (artifact id: '032e2faf33655da767d9d22aa624a8ef') in 0.039120 seconds 
========================================================================
Received Import Request.
  Time since last request: 0.000020 seconds.
  path: Assets/Suburban Structure Kit/Models/JBlockSquare1.fbx
  artifactKey: Guid(0d4404e2900654e4d82aa76cf1b326db) Importer(815301076,1909f56bfc062723c751e8b465ee728b)
Start importing Assets/Suburban Structure Kit/Models/JBlockSquare1.fbx using Guid(0d4404e2900654e4d82aa76cf1b326db) Importer(815301076,1909f56bfc062723c751e8b465ee728b)  -> (artifact id: '80ac853f705fd49523b78fa13e497f85') in 0.054453 seconds 
========================================================================
Received Import Request.
  Time since last request: 0.000018 seconds.
  path: Assets/Suburban Structure Kit/Textures/StackedStone2.png
  artifactKey: Guid(8896c079825edda4698819bf48c744b7) Importer(815301076,1909f56bfc062723c751e8b465ee728b)
Start importing Assets/Suburban Structure Kit/Textures/StackedStone2.png using Guid(8896c079825edda4698819bf48c744b7) Importer(815301076,1909f56bfc062723c751e8b465ee728b)  -> (artifact id: 'd81c99746496bf812566a6f69710ab1b') in 0.015039 seconds 
========================================================================
Received Import Request.
  Time since last request: 0.000025 seconds.
  path: Assets/Suburban Structure Kit/Textures/FineWood1.png
  artifactKey: Guid(084af9b4af6ed1549bf25ffbdda453a9) Importer(815301076,1909f56bfc062723c751e8b465ee728b)
Start importing Assets/Suburban Structure Kit/Textures/FineWood1.png using Guid(084af9b4af6ed1549bf25ffbdda453a9) Importer(815301076,1909f56bfc062723c751e8b465ee728b)  -> (artifact id: '623a8dc7b7b91df2fa153d3e8666f397') in 0.011037 seconds 
========================================================================
Received Import Request.
  Time since last request: 0.000031 seconds.
  path: Assets/Suburban Structure Kit/Models/WindowCasing1.fbx
  artifactKey: Guid(11c1314f588d81141bc7aa367b2ad415) Importer(815301076,1909f56bfc062723c751e8b465ee728b)
Start importing Assets/Suburban Structure Kit/Models/WindowCasing1.fbx using Guid(11c1314f588d81141bc7aa367b2ad415) Importer(815301076,1909f56bfc062723c751e8b465ee728b)  -> (artifact id: '2a885a4ff1c2608f0cb86589d79c2cbc') in 0.040382 seconds 
========================================================================
Received Import Request.
  Time since last request: 0.000021 seconds.
  path: Assets/Suburban Structure Kit/Textures/StackedStone3.png
  artifactKey: Guid(34a260460e11dea4eb0824aaf60d82f7) Importer(815301076,1909f56bfc062723c751e8b465ee728b)
Start importing Assets/Suburban Structure Kit/Textures/StackedStone3.png using Guid(34a260460e11dea4eb0824aaf60d82f7) Importer(815301076,1909f56bfc062723c751e8b465ee728b)  -> (artifact id: 'aa4e69af0cdbb0110ee4b50843d15e8a') in 0.013133 seconds 
========================================================================
Received Import Request.
  Time since last request: 0.000039 seconds.
  path: Assets/Suburban Structure Kit/Textures/BlackShingles 1.png
  artifactKey: Guid(f90199994808fff4787c596977ca05ec) Importer(815301076,1909f56bfc062723c751e8b465ee728b)
Start importing Assets/Suburban Structure Kit/Textures/BlackShingles 1.png using Guid(f90199994808fff4787c596977ca05ec) Importer(815301076,1909f56bfc062723c751e8b465ee728b)  -> (artifact id: 'e54a87d362e34fa6a1a266eb141a08af') in 0.012174 seconds 
========================================================================
Received Import Request.
  Time since last request: 0.000022 seconds.
  path: Assets/Suburban Structure Kit/Textures/HardwoodDarkB.png
  artifactKey: Guid(acc8caa3f4fe54d42813b089b5ed9d8f) Importer(815301076,1909f56bfc062723c751e8b465ee728b)
Start importing Assets/Suburban Structure Kit/Textures/HardwoodDarkB.png using Guid(acc8caa3f4fe54d42813b089b5ed9d8f) Importer(815301076,1909f56bfc062723c751e8b465ee728b)  -> (artifact id: 'b88dc7dc360e1af8f6a998ec1289a14a') in 0.012892 seconds 
========================================================================
Received Import Request.
  Time since last request: 0.000017 seconds.
  path: Assets/Suburban Structure Kit/Models/3x3Corner.fbx
  artifactKey: Guid(ec6bf9cc939f4424b93ea24958c1af99) Importer(815301076,1909f56bfc062723c751e8b465ee728b)
Start importing Assets/Suburban Structure Kit/Models/3x3Corner.fbx using Guid(ec6bf9cc939f4424b93ea24958c1af99) Importer(815301076,1909f56bfc062723c751e8b465ee728b)  -> (artifact id: '6d4190ada18a8ba3bd396c2f569bc7f1') in 0.022320 seconds 
========================================================================
Received Import Request.
  Time since last request: 0.000022 seconds.
  path: Assets/Suburban Structure Kit/Textures/LightHardwoodB 1.png
  artifactKey: Guid(76db6d65ad640af4184a6ace16233d50) Importer(815301076,1909f56bfc062723c751e8b465ee728b)
Start importing Assets/Suburban Structure Kit/Textures/LightHardwoodB 1.png using Guid(76db6d65ad640af4184a6ace16233d50) Importer(815301076,1909f56bfc062723c751e8b465ee728b)  -> (artifact id: 'aa8f8cff3a924251c4c3ae3c6d34d530') in 0.012339 seconds 
========================================================================
Received Import Request.
  Time since last request: 0.000016 seconds.
  path: Assets/Suburban Structure Kit/Textures/ventedSoffit.png
  artifactKey: Guid(334475e9c3952cb4e8a48e9cb5fbc33f) Importer(815301076,1909f56bfc062723c751e8b465ee728b)
Start importing Assets/Suburban Structure Kit/Textures/ventedSoffit.png using Guid(334475e9c3952cb4e8a48e9cb5fbc33f) Importer(815301076,1909f56bfc062723c751e8b465ee728b)  -> (artifact id: 'd10ecf5c226ebd8e4bd8234f795d1663') in 0.013335 seconds 
========================================================================
Received Import Request.
  Time since last request: 0.000021 seconds.
  path: Assets/Suburban Structure Kit/Textures/HardwoodDarkB 1.png
  artifactKey: Guid(216869f7df5f5284d896e161a0e6e7b9) Importer(815301076,1909f56bfc062723c751e8b465ee728b)
Start importing Assets/Suburban Structure Kit/Textures/HardwoodDarkB 1.png using Guid(216869f7df5f5284d896e161a0e6e7b9) Importer(815301076,1909f56bfc062723c751e8b465ee728b)  -> (artifact id: '320b75c54da5405a2ec41727993ecb31') in 0.014447 seconds 
========================================================================
Received Import Request.
  Time since last request: 0.000022 seconds.
  path: Assets/Suburban Structure Kit/Textures/TileFloorB.png
  artifactKey: Guid(636bb0245defc8b4d8e9e81dd9502b16) Importer(815301076,1909f56bfc062723c751e8b465ee728b)
Start importing Assets/Suburban Structure Kit/Textures/TileFloorB.png using Guid(636bb0245defc8b4d8e9e81dd9502b16) Importer(815301076,1909f56bfc062723c751e8b465ee728b)  -> (artifact id: '96c944a9545528de0f2d8bcc825836a9') in 0.011361 seconds 
========================================================================
Received Import Request.
  Time since last request: 0.000023 seconds.
  path: Assets/Suburban Structure Kit/Models/DoorCasing1.fbx
  artifactKey: Guid(e0df387d86e574941a981196eaac3d1c) Importer(815301076,1909f56bfc062723c751e8b465ee728b)
Start importing Assets/Suburban Structure Kit/Models/DoorCasing1.fbx using Guid(e0df387d86e574941a981196eaac3d1c) Importer(815301076,1909f56bfc062723c751e8b465ee728b)  -> (artifact id: 'e67118e65a4e9d23ffdafc15d5148920') in 0.043178 seconds 
========================================================================
Received Import Request.
  Time since last request: 0.000032 seconds.
  path: Assets/Suburban Structure Kit/Textures/TexturesCom_Metal_AluminumBrushed_1K_normal.tif
  artifactKey: Guid(28b5dd72da49eeb4bb8ea44024613747) Importer(815301076,1909f56bfc062723c751e8b465ee728b)
Start importing Assets/Suburban Structure Kit/Textures/TexturesCom_Metal_AluminumBrushed_1K_normal.tif using Guid(28b5dd72da49eeb4bb8ea44024613747) Importer(815301076,1909f56bfc062723c751e8b465ee728b)  -> (artifact id: 'd077dabc4dd4bc12afedb86076c65711') in 0.011810 seconds 
========================================================================
Received Import Request.
  Time since last request: 0.000024 seconds.
  path: Assets/Suburban Structure Kit/Textures/StackedStone5.png
  artifactKey: Guid(6d5c2582512cd1d46a0deb9c227cc8ff) Importer(815301076,1909f56bfc062723c751e8b465ee728b)
Start importing Assets/Suburban Structure Kit/Textures/StackedStone5.png using Guid(6d5c2582512cd1d46a0deb9c227cc8ff) Importer(815301076,1909f56bfc062723c751e8b465ee728b)  -> (artifact id: '359f6e1282f2a77859138bb543c1618e') in 0.012772 seconds 
========================================================================
Received Import Request.
  Time since last request: 0.000036 seconds.
  path: Assets/Suburban Structure Kit/Textures/TexturesCom_Metal_SteelPlain_1K_albedo 1.tif
  artifactKey: Guid(7b53eb4c41a1e774ea378e97550c6c32) Importer(815301076,1909f56bfc062723c751e8b465ee728b)
Start importing Assets/Suburban Structure Kit/Textures/TexturesCom_Metal_SteelPlain_1K_albedo 1.tif using Guid(7b53eb4c41a1e774ea378e97550c6c32) Importer(815301076,1909f56bfc062723c751e8b465ee728b)  -> (artifact id: 'dfd6c7a37e6c82b42edd3ab99533ff02') in 0.011891 seconds 
========================================================================
Received Import Request.
  Time since last request: 0.000021 seconds.
  path: Assets/Suburban Structure Kit/Models/EaveCap.fbx
  artifactKey: Guid(680a2585edea9694288ce638f3604126) Importer(815301076,1909f56bfc062723c751e8b465ee728b)
Start importing Assets/Suburban Structure Kit/Models/EaveCap.fbx using Guid(680a2585edea9694288ce638f3604126) Importer(815301076,1909f56bfc062723c751e8b465ee728b)  -> (artifact id: '501704b5af4b1780125dbc906a40969e') in 0.032903 seconds 
========================================================================
Received Import Request.
  Time since last request: 0.000018 seconds.
  path: Assets/Suburban Structure Kit/Models/GarageDoorway.fbx
  artifactKey: Guid(6d8c1ff6b430efd4bbf4ddbedc3311c2) Importer(815301076,1909f56bfc062723c751e8b465ee728b)
Start importing Assets/Suburban Structure Kit/Models/GarageDoorway.fbx using Guid(6d8c1ff6b430efd4bbf4ddbedc3311c2) Importer(815301076,1909f56bfc062723c751e8b465ee728b)  -> (artifact id: '0b0f1cc51b42cd7ba089cebc5a9bb68d') in 0.037057 seconds 
========================================================================
Received Import Request.
  Time since last request: 0.000018 seconds.
  path: Assets/Suburban Structure Kit/Models/StraightSidingTriangle2.fbx
  artifactKey: Guid(a340b42c5506df849987bccac6e772db) Importer(815301076,1909f56bfc062723c751e8b465ee728b)
Start importing Assets/Suburban Structure Kit/Models/StraightSidingTriangle2.fbx using Guid(a340b42c5506df849987bccac6e772db) Importer(815301076,1909f56bfc062723c751e8b465ee728b)  -> (artifact id: '79f6cf6d5a383ded42b17c80a87f9910') in 0.042214 seconds 
========================================================================
Received Import Request.
  Time since last request: 0.000022 seconds.
  path: Assets/Suburban Structure Kit/Textures/Flagstone 1.png
  artifactKey: Guid(b56b6764906052b4faa592e918f6de43) Importer(815301076,1909f56bfc062723c751e8b465ee728b)
Start importing Assets/Suburban Structure Kit/Textures/Flagstone 1.png using Guid(b56b6764906052b4faa592e918f6de43) Importer(815301076,1909f56bfc062723c751e8b465ee728b)  -> (artifact id: 'fa0d8bd7555559e8dc8d4df49ea2eec9') in 0.014135 seconds 
========================================================================
Received Import Request.
  Time since last request: 0.000019 seconds.
  path: Assets/Suburban Structure Kit/Models/ArchCorner.fbx
  artifactKey: Guid(abeaa7afcdb0caa4ca98cc27248d2e4e) Importer(815301076,1909f56bfc062723c751e8b465ee728b)
Start importing Assets/Suburban Structure Kit/Models/ArchCorner.fbx using Guid(abeaa7afcdb0caa4ca98cc27248d2e4e) Importer(815301076,1909f56bfc062723c751e8b465ee728b)  -> (artifact id: '094e4e13477272132f8be7ce46cd9edc') in 0.034942 seconds 
========================================================================
Received Import Request.
  Time since last request: 0.000025 seconds.
  path: Assets/Suburban Structure Kit/Textures/Woodgrain.png
  artifactKey: Guid(81299e1e9acca574eb67e995209f0dda) Importer(815301076,1909f56bfc062723c751e8b465ee728b)
Start importing Assets/Suburban Structure Kit/Textures/Woodgrain.png using Guid(81299e1e9acca574eb67e995209f0dda) Importer(815301076,1909f56bfc062723c751e8b465ee728b)  -> (artifact id: 'b043bb1470bfbdb7f08ac0cc44a0e512') in 0.012567 seconds 
========================================================================
Received Import Request.
  Time since last request: 0.000037 seconds.
  path: Assets/Suburban Structure Kit/Models/EaveLength.fbx
  artifactKey: Guid(5b9483ddda6031a4895db6ed5135870d) Importer(815301076,1909f56bfc062723c751e8b465ee728b)
Start importing Assets/Suburban Structure Kit/Models/EaveLength.fbx using Guid(5b9483ddda6031a4895db6ed5135870d) Importer(815301076,1909f56bfc062723c751e8b465ee728b)  -> (artifact id: 'cc661d99841fa72b17f37e49bd5c913e') in 0.038813 seconds 
========================================================================
Received Import Request.
  Time since last request: 0.000026 seconds.
  path: Assets/Suburban Structure Kit/Textures/GreyTiles 1.png
  artifactKey: Guid(ce0aef8771bf1c648a0b3c14e889523b) Importer(815301076,1909f56bfc062723c751e8b465ee728b)
Start importing Assets/Suburban Structure Kit/Textures/GreyTiles 1.png using Guid(ce0aef8771bf1c648a0b3c14e889523b) Importer(815301076,1909f56bfc062723c751e8b465ee728b)  -> (artifact id: '0ac36475757c0293af168152a0084a2d') in 0.010733 seconds 
========================================================================
Received Import Request.
  Time since last request: 0.000025 seconds.
  path: Assets/Suburban Structure Kit/Textures/Flagstone.png
  artifactKey: Guid(6247d2fcf6288354abc3346f31cc5d93) Importer(815301076,1909f56bfc062723c751e8b465ee728b)
Start importing Assets/Suburban Structure Kit/Textures/Flagstone.png using Guid(6247d2fcf6288354abc3346f31cc5d93) Importer(815301076,1909f56bfc062723c751e8b465ee728b)  -> (artifact id: 'add5fea79bab9b908b05aaaad13926ff') in 0.011676 seconds 
========================================================================
Received Import Request.
  Time since last request: 0.000020 seconds.
  path: Assets/Suburban Structure Kit/Models/RoofVent1.fbx
  artifactKey: Guid(2482698b7a2c9874b9d4c2e91ae7b9d0) Importer(815301076,1909f56bfc062723c751e8b465ee728b)
Start importing Assets/Suburban Structure Kit/Models/RoofVent1.fbx using Guid(2482698b7a2c9874b9d4c2e91ae7b9d0) Importer(815301076,1909f56bfc062723c751e8b465ee728b)  -> (artifact id: '25f0b54b37de7bf9051149eb21a5d6c4') in 0.047261 seconds 
========================================================================
Received Import Request.
  Time since last request: 0.000020 seconds.
  path: Assets/Suburban Structure Kit/Textures/StackedStone4.png
  artifactKey: Guid(d20642c493d6f9745b1155962125bbfd) Importer(815301076,1909f56bfc062723c751e8b465ee728b)
Start importing Assets/Suburban Structure Kit/Textures/StackedStone4.png using Guid(d20642c493d6f9745b1155962125bbfd) Importer(815301076,1909f56bfc062723c751e8b465ee728b)  -> (artifact id: '8b8c07477f219c6bc8db130aa705400f') in 0.014077 seconds 
========================================================================
Received Import Request.
  Time since last request: 0.000019 seconds.
  path: Assets/Suburban Structure Kit/Textures/Concrete.png
  artifactKey: Guid(b1e17b3de59eb6e46a6e84a8614d3856) Importer(815301076,1909f56bfc062723c751e8b465ee728b)
Start importing Assets/Suburban Structure Kit/Textures/Concrete.png using Guid(b1e17b3de59eb6e46a6e84a8614d3856) Importer(815301076,1909f56bfc062723c751e8b465ee728b)  -> (artifact id: '5aafe779819e977c0e17ad6ccc988e37') in 0.015662 seconds 
========================================================================
Received Import Request.
  Time since last request: 0.000025 seconds.
  path: Assets/Suburban Structure Kit/Textures/FineWood4.png
  artifactKey: Guid(3ae815f572ccdbe44a93d4f0b0bde292) Importer(815301076,1909f56bfc062723c751e8b465ee728b)
Start importing Assets/Suburban Structure Kit/Textures/FineWood4.png using Guid(3ae815f572ccdbe44a93d4f0b0bde292) Importer(815301076,1909f56bfc062723c751e8b465ee728b)  -> (artifact id: 'cd1f222bdd17a038bb11154e668448d3') in 0.010349 seconds 
========================================================================
Received Import Request.
  Time since last request: 0.000023 seconds.
  path: Assets/Suburban Structure Kit/Textures/TileFloorC.png
  artifactKey: Guid(4c7c517645ee0ba4aba2ec5c5281c4bd) Importer(815301076,1909f56bfc062723c751e8b465ee728b)
Start importing Assets/Suburban Structure Kit/Textures/TileFloorC.png using Guid(4c7c517645ee0ba4aba2ec5c5281c4bd) Importer(815301076,1909f56bfc062723c751e8b465ee728b)  -> (artifact id: 'c44f39ab1d451cd23106e7b9fc9ce4e3') in 0.012421 seconds 
========================================================================
Received Import Request.
  Time since last request: 0.000023 seconds.
  path: Assets/Suburban Structure Kit/Models/FloorTransitionStrip.fbx
  artifactKey: Guid(33fbc137db2b14a4e971ad23c5448053) Importer(815301076,1909f56bfc062723c751e8b465ee728b)
Start importing Assets/Suburban Structure Kit/Models/FloorTransitionStrip.fbx using Guid(33fbc137db2b14a4e971ad23c5448053) Importer(815301076,1909f56bfc062723c751e8b465ee728b)  -> (artifact id: 'aa68d987ef5de11ffacb12e863499188') in 0.020982 seconds 
========================================================================
Received Import Request.
  Time since last request: 0.000097 seconds.
  path: Assets/Suburban Structure Kit/Textures/BlackShingles.png
  artifactKey: Guid(ad69b9cd23d685243a8391a84e7dd4d0) Importer(815301076,1909f56bfc062723c751e8b465ee728b)
Start importing Assets/Suburban Structure Kit/Textures/BlackShingles.png using Guid(ad69b9cd23d685243a8391a84e7dd4d0) Importer(815301076,1909f56bfc062723c751e8b465ee728b)  -> (artifact id: '5a66db7cad04a62e973a26246f668054') in 0.010310 seconds 
========================================================================
Received Import Request.
  Time since last request: 0.000023 seconds.
  path: Assets/Suburban Structure Kit/Models/DoorwayStandard.fbx
  artifactKey: Guid(254519caa421ce54496b419125078706) Importer(815301076,1909f56bfc062723c751e8b465ee728b)
Start importing Assets/Suburban Structure Kit/Models/DoorwayStandard.fbx using Guid(254519caa421ce54496b419125078706) Importer(815301076,1909f56bfc062723c751e8b465ee728b)  -> (artifact id: '1726366023bc09b111132eb390f024c7') in 0.046306 seconds 
========================================================================
Received Import Request.
  Time since last request: 0.000019 seconds.
  path: Assets/Suburban Structure Kit/Textures/BrownShingles 1.png
  artifactKey: Guid(ee61802007dd26c4990d8ca21674b5a6) Importer(815301076,1909f56bfc062723c751e8b465ee728b)
Start importing Assets/Suburban Structure Kit/Textures/BrownShingles 1.png using Guid(ee61802007dd26c4990d8ca21674b5a6) Importer(815301076,1909f56bfc062723c751e8b465ee728b)  -> (artifact id: '0813aa3df22a1117686fa587c3fabfbe') in 0.011985 seconds 
========================================================================
Received Import Request.
  Time since last request: 0.000023 seconds.
  path: Assets/Suburban Structure Kit/Textures/ventedSoffit 1.png
  artifactKey: Guid(aa455b53568bbd84e88b484de02612a5) Importer(815301076,1909f56bfc062723c751e8b465ee728b)
Start importing Assets/Suburban Structure Kit/Textures/ventedSoffit 1.png using Guid(aa455b53568bbd84e88b484de02612a5) Importer(815301076,1909f56bfc062723c751e8b465ee728b)  -> (artifact id: 'a391ff519d62dc0c8b680c90622b0288') in 0.012222 seconds 
========================================================================
Received Import Request.
  Time since last request: 0.000027 seconds.
  path: Assets/Suburban Structure Kit/Textures/TileNormal.png
  artifactKey: Guid(dc33e311a1feb104c97f99582ef4c92f) Importer(815301076,1909f56bfc062723c751e8b465ee728b)
Start importing Assets/Suburban Structure Kit/Textures/TileNormal.png using Guid(dc33e311a1feb104c97f99582ef4c92f) Importer(815301076,1909f56bfc062723c751e8b465ee728b)  -> (artifact id: '6a54b041dccac294580bd73e68db165b') in 0.015772 seconds 
========================================================================
Received Import Request.
  Time since last request: 0.000021 seconds.
  path: Assets/Suburban Structure Kit/Models/EaveDownpipe.fbx
  artifactKey: Guid(53f0e77d86d3e7240ac8cabc7adbfd3c) Importer(815301076,1909f56bfc062723c751e8b465ee728b)
Start importing Assets/Suburban Structure Kit/Models/EaveDownpipe.fbx using Guid(53f0e77d86d3e7240ac8cabc7adbfd3c) Importer(815301076,1909f56bfc062723c751e8b465ee728b)  -> (artifact id: '94f1cab21875d1c4688d727730074edb') in 0.036418 seconds 
========================================================================
Received Import Request.
  Time since last request: 0.000016 seconds.
  path: Assets/Suburban Structure Kit/Textures/DarkHardwood.png
  artifactKey: Guid(623f8b1d096cc9b45a8190fc65853513) Importer(815301076,1909f56bfc062723c751e8b465ee728b)
Start importing Assets/Suburban Structure Kit/Textures/DarkHardwood.png using Guid(623f8b1d096cc9b45a8190fc65853513) Importer(815301076,1909f56bfc062723c751e8b465ee728b)  -> (artifact id: '95f601b59b3784545b72a703c76c50aa') in 0.014106 seconds 
========================================================================
Received Import Request.
  Time since last request: 0.000028 seconds.
  path: Assets/Suburban Structure Kit/Textures/DarkHardwood 1.png
  artifactKey: Guid(958ee775acaeeae40ae1ecbb57528d4d) Importer(815301076,1909f56bfc062723c751e8b465ee728b)
Start importing Assets/Suburban Structure Kit/Textures/DarkHardwood 1.png using Guid(958ee775acaeeae40ae1ecbb57528d4d) Importer(815301076,1909f56bfc062723c751e8b465ee728b)  -> (artifact id: '8db20f4e20d83410b0573cc063df609c') in 0.011130 seconds 
========================================================================
Received Import Request.
  Time since last request: 0.000028 seconds.
  path: Assets/Suburban Structure Kit/Textures/LightHardwood.png
  artifactKey: Guid(f18b3fd95bb825345be403bb0eb314cd) Importer(815301076,1909f56bfc062723c751e8b465ee728b)
Start importing Assets/Suburban Structure Kit/Textures/LightHardwood.png using Guid(f18b3fd95bb825345be403bb0eb314cd) Importer(815301076,1909f56bfc062723c751e8b465ee728b)  -> (artifact id: '1f7053cba009e7e851c7ddc924fc2bfd') in 0.011729 seconds 
========================================================================
Received Import Request.
  Time since last request: 1.607374 seconds.
  path: Assets/Suburban Structure Kit/Prefabs/BuildingPartsPrefabs/3x3Corner.prefab
  artifactKey: Guid(cb79d14aa2afa964b973c6d8cd7c3e50) Importer(815301076,1909f56bfc062723c751e8b465ee728b)
Start importing Assets/Suburban Structure Kit/Prefabs/BuildingPartsPrefabs/3x3Corner.prefab using Guid(cb79d14aa2afa964b973c6d8cd7c3e50) Importer(815301076,1909f56bfc062723c751e8b465ee728b)  -> (artifact id: '584ec4590f837eb9fe4659a49df015d7') in 0.018189 seconds 
========================================================================
Received Import Request.
  Time since last request: 0.000020 seconds.
  path: Assets/Suburban Structure Kit/Prefabs/BuildingPartsPrefabs/EaveCap.prefab
  artifactKey: Guid(d952aee7ac2b8f64abc1d6d97e87a4ed) Importer(815301076,1909f56bfc062723c751e8b465ee728b)
Start importing Assets/Suburban Structure Kit/Prefabs/BuildingPartsPrefabs/EaveCap.prefab using Guid(d952aee7ac2b8f64abc1d6d97e87a4ed) Importer(815301076,1909f56bfc062723c751e8b465ee728b)  -> (artifact id: 'c40141401a083adf06223178d7bbb581') in 0.013562 seconds 
========================================================================
Received Import Request.
  Time since last request: 0.000030 seconds.
  path: Assets/Suburban Structure Kit/Prefabs/BuildingPartsPrefabs/Roof1.prefab
  artifactKey: Guid(f26e5c1467e77a14bbf44fc6b79eb5af) Importer(815301076,1909f56bfc062723c751e8b465ee728b)
Start importing Assets/Suburban Structure Kit/Prefabs/BuildingPartsPrefabs/Roof1.prefab using Guid(f26e5c1467e77a14bbf44fc6b79eb5af) Importer(815301076,1909f56bfc062723c751e8b465ee728b)  -> (artifact id: '52b748c1bb1c242be50923fbd940cc27') in 0.025058 seconds 
========================================================================
Received Import Request.
  Time since last request: 0.000023 seconds.
  path: Assets/Suburban Structure Kit/Prefabs/BuildingPartsPrefabs/FloorTransitionStrip.prefab
  artifactKey: Guid(3b6ced7c1459a0a4f9522257dc9a6514) Importer(815301076,1909f56bfc062723c751e8b465ee728b)
Start importing Assets/Suburban Structure Kit/Prefabs/BuildingPartsPrefabs/FloorTransitionStrip.prefab using Guid(3b6ced7c1459a0a4f9522257dc9a6514) Importer(815301076,1909f56bfc062723c751e8b465ee728b)  -> (artifact id: '42a44ce9c814f201b8b190546882c4cc') in 0.014012 seconds 
========================================================================
Received Import Request.
  Time since last request: 0.000021 seconds.
  path: Assets/Suburban Structure Kit/Prefabs/BuildingPartsPrefabs/DomeLight.prefab
  artifactKey: Guid(cf88c4db128f2074b99773958bc42d01) Importer(815301076,1909f56bfc062723c751e8b465ee728b)
Start importing Assets/Suburban Structure Kit/Prefabs/BuildingPartsPrefabs/DomeLight.prefab using Guid(cf88c4db128f2074b99773958bc42d01) Importer(815301076,1909f56bfc062723c751e8b465ee728b)  -> (artifact id: 'b0d1549d45c679d45be61c3aad5feea5') in 0.022277 seconds 
========================================================================
Received Import Request.
  Time since last request: 0.000018 seconds.
  path: Assets/Suburban Structure Kit/Prefabs/BuildingPartsPrefabs/Deadbolt.prefab
  artifactKey: Guid(351b91bb82ad38144bd91667ee13368c) Importer(815301076,1909f56bfc062723c751e8b465ee728b)
Start importing Assets/Suburban Structure Kit/Prefabs/BuildingPartsPrefabs/Deadbolt.prefab using Guid(351b91bb82ad38144bd91667ee13368c) Importer(815301076,1909f56bfc062723c751e8b465ee728b)  -> (artifact id: '5cffdcc7eb0e755605c912949468107c') in 0.021480 seconds 
========================================================================
Received Import Request.
  Time since last request: 0.000027 seconds.
  path: Assets/Suburban Structure Kit/Prefabs/BuildingPartsPrefabs/InteriorStairs.prefab
  artifactKey: Guid(38ad181b22dd60540b6f7ed6a2bac674) Importer(815301076,1909f56bfc062723c751e8b465ee728b)
Start importing Assets/Suburban Structure Kit/Prefabs/BuildingPartsPrefabs/InteriorStairs.prefab using Guid(38ad181b22dd60540b6f7ed6a2bac674) Importer(815301076,1909f56bfc062723c751e8b465ee728b)  -> (artifact id: 'eb9de314209a095948e811547b288be0') in 0.016379 seconds 
========================================================================
Received Import Request.
  Time since last request: 0.000023 seconds.
  path: Assets/Suburban Structure Kit/Prefabs/BuildingPartsPrefabs/HandrailBracket.prefab
  artifactKey: Guid(510632f4062158f4296245772efa2781) Importer(815301076,1909f56bfc062723c751e8b465ee728b)
Start importing Assets/Suburban Structure Kit/Prefabs/BuildingPartsPrefabs/HandrailBracket.prefab using Guid(510632f4062158f4296245772efa2781) Importer(815301076,1909f56bfc062723c751e8b465ee728b)  -> (artifact id: 'd9ac741b14ab155c768076e23c3b8a0d') in 0.019556 seconds 
========================================================================
Received Import Request.
  Time since last request: 0.000023 seconds.
  path: Assets/Suburban Structure Kit/Prefabs/BuildingPartsPrefabs/InteriorDoorandBox.prefab
  artifactKey: Guid(fa078ae79bb9e8547a3469bb7f0a641e) Importer(815301076,1909f56bfc062723c751e8b465ee728b)
Start importing Assets/Suburban Structure Kit/Prefabs/BuildingPartsPrefabs/InteriorDoorandBox.prefab using Guid(fa078ae79bb9e8547a3469bb7f0a641e) Importer(815301076,1909f56bfc062723c751e8b465ee728b)  -> (artifact id: '21d11362bd74f7ea9908fd225c7497fe') in 0.025714 seconds 
========================================================================
Received Import Request.
  Time since last request: 0.000024 seconds.
  path: Assets/Suburban Structure Kit/Prefabs/BuildingPartsPrefabs/ISCorner.prefab
  artifactKey: Guid(a314b38f55fbd9d4ea10f482866648c1) Importer(815301076,1909f56bfc062723c751e8b465ee728b)
Start importing Assets/Suburban Structure Kit/Prefabs/BuildingPartsPrefabs/ISCorner.prefab using Guid(a314b38f55fbd9d4ea10f482866648c1) Importer(815301076,1909f56bfc062723c751e8b465ee728b)  -> (artifact id: '03e8f68a4d281e8f181b559cf2de2735') in 0.012792 seconds 
========================================================================
Received Import Request.
  Time since last request: 0.000020 seconds.
  path: Assets/Suburban Structure Kit/Prefabs/BuildingPartsPrefabs/JBlockRect1.prefab
  artifactKey: Guid(76e632aad04aafa4f88a4a6f4e6243cf) Importer(815301076,1909f56bfc062723c751e8b465ee728b)
Start importing Assets/Suburban Structure Kit/Prefabs/BuildingPartsPrefabs/JBlockRect1.prefab using Guid(76e632aad04aafa4f88a4a6f4e6243cf) Importer(815301076,1909f56bfc062723c751e8b465ee728b)  -> (artifact id: '7938e37cbf44395dd387910af836ab63') in 0.014152 seconds 
========================================================================
Received Import Request.
  Time since last request: 0.000028 seconds.
  path: Assets/Suburban Structure Kit/Prefabs/BuildingPartsPrefabs/WindowCasing1.prefab
  artifactKey: Guid(ddb4b1c2975a46242af82b6e0b644fb3) Importer(815301076,1909f56bfc062723c751e8b465ee728b)
Start importing Assets/Suburban Structure Kit/Prefabs/BuildingPartsPrefabs/WindowCasing1.prefab using Guid(ddb4b1c2975a46242af82b6e0b644fb3) Importer(815301076,1909f56bfc062723c751e8b465ee728b)  -> (artifact id: '81188f2b7522071fbd2d83260fc0a13d') in 0.014102 seconds 
========================================================================
Received Import Request.
  Time since last request: 0.000016 seconds.
  path: Assets/Suburban Structure Kit/Prefabs/BuildingPartsPrefabs/AllPlane.prefab
  artifactKey: Guid(c369b00273a11a446bb442c42e4fb5b5) Importer(815301076,1909f56bfc062723c751e8b465ee728b)
Start importing Assets/Suburban Structure Kit/Prefabs/BuildingPartsPrefabs/AllPlane.prefab using Guid(c369b00273a11a446bb442c42e4fb5b5) Importer(815301076,1909f56bfc062723c751e8b465ee728b)  -> (artifact id: '109532ac0e637761a871125c66b8ea6c') in 0.014091 seconds 
========================================================================
Received Import Request.
  Time since last request: 0.000030 seconds.
  path: Assets/Suburban Structure Kit/Prefabs/BuildingPartsPrefabs/EaveDownpipe.prefab
  artifactKey: Guid(8f667bcd330701941a386bfb15be81d9) Importer(815301076,1909f56bfc062723c751e8b465ee728b)
Start importing Assets/Suburban Structure Kit/Prefabs/BuildingPartsPrefabs/EaveDownpipe.prefab using Guid(8f667bcd330701941a386bfb15be81d9) Importer(815301076,1909f56bfc062723c751e8b465ee728b)  -> (artifact id: '61a758aecfa101b03960ff5503451ad6') in 0.012214 seconds 
========================================================================
Received Import Request.
  Time since last request: 0.000028 seconds.
  path: Assets/Suburban Structure Kit/Prefabs/BuildingPartsPrefabs/Baseblock.prefab
  artifactKey: Guid(cac0a8b97af83a04f8827c346fea951f) Importer(815301076,1909f56bfc062723c751e8b465ee728b)
Start importing Assets/Suburban Structure Kit/Prefabs/BuildingPartsPrefabs/Baseblock.prefab using Guid(cac0a8b97af83a04f8827c346fea951f) Importer(815301076,1909f56bfc062723c751e8b465ee728b)  -> (artifact id: 'b6e1492b632bc14d19ee83aa89457c6e') in 0.010920 seconds 
========================================================================
Received Import Request.
  Time since last request: 0.000017 seconds.
  path: Assets/Suburban Structure Kit/Prefabs/BuildingPartsPrefabs/GarageDoorGlass.prefab
  artifactKey: Guid(a1d3445b5ef2c104fa00c4e78b2c12db) Importer(815301076,1909f56bfc062723c751e8b465ee728b)
Start importing Assets/Suburban Structure Kit/Prefabs/BuildingPartsPrefabs/GarageDoorGlass.prefab using Guid(a1d3445b5ef2c104fa00c4e78b2c12db) Importer(815301076,1909f56bfc062723c751e8b465ee728b)  -> (artifact id: '01d9c529b15ea9ab10c420febb106428') in 0.015947 seconds 
========================================================================
Received Import Request.
  Time since last request: 0.000020 seconds.
  path: Assets/Suburban Structure Kit/Prefabs/BuildingPartsPrefabs/EaveLength (2).prefab
  artifactKey: Guid(8cf6f506d814c9944adaf4112d9e94eb) Importer(815301076,1909f56bfc062723c751e8b465ee728b)
Start importing Assets/Suburban Structure Kit/Prefabs/BuildingPartsPrefabs/EaveLength (2).prefab using Guid(8cf6f506d814c9944adaf4112d9e94eb) Importer(815301076,1909f56bfc062723c751e8b465ee728b)  -> (artifact id: '5ece95ebec71d8c3087a84fc59f69868') in 0.014581 seconds 
========================================================================
Received Import Request.
  Time since last request: 0.000019 seconds.
  path: Assets/Suburban Structure Kit/Prefabs/BuildingPartsPrefabs/Door6PanelSlab.prefab
  artifactKey: Guid(611c420aab0ee8843ae1a8df0eb4cd5f) Importer(815301076,1909f56bfc062723c751e8b465ee728b)
Start importing Assets/Suburban Structure Kit/Prefabs/BuildingPartsPrefabs/Door6PanelSlab.prefab using Guid(611c420aab0ee8843ae1a8df0eb4cd5f) Importer(815301076,1909f56bfc062723c751e8b465ee728b)  -> (artifact id: '9193116e0639a7dec5d755f6b1d1213f') in 0.015191 seconds 
========================================================================
Received Import Request.
  Time since last request: 0.000026 seconds.
  path: Assets/Suburban Structure Kit/Prefabs/BuildingPartsPrefabs/RoofVent1.prefab
  artifactKey: Guid(96ff0037a4b503f40948fb832adc5ca7) Importer(815301076,1909f56bfc062723c751e8b465ee728b)
Start importing Assets/Suburban Structure Kit/Prefabs/BuildingPartsPrefabs/RoofVent1.prefab using Guid(96ff0037a4b503f40948fb832adc5ca7) Importer(815301076,1909f56bfc062723c751e8b465ee728b)  -> (artifact id: '8b42d0162d8848b733fcfb405c7c4f1a') in 0.013062 seconds 
========================================================================
Received Import Request.
  Time since last request: 0.000029 seconds.
  path: Assets/Suburban Structure Kit/Prefabs/BuildingPartsPrefabs/RoundSidingBlockPillar.prefab
  artifactKey: Guid(4922e674e7a01db44934840673249d2a) Importer(815301076,1909f56bfc062723c751e8b465ee728b)
Start importing Assets/Suburban Structure Kit/Prefabs/BuildingPartsPrefabs/RoundSidingBlockPillar.prefab using Guid(4922e674e7a01db44934840673249d2a) Importer(815301076,1909f56bfc062723c751e8b465ee728b)  -> (artifact id: 'e9b406ac6bd56c78341c9c6bc6324400') in 0.018047 seconds 
========================================================================
Received Import Request.
  Time since last request: 0.000033 seconds.
  path: Assets/Suburban Structure Kit/Prefabs/BuildingPartsPrefabs/WindowDoubleGrilledSlider.prefab
  artifactKey: Guid(6716fc24fc690d34d9645e4e83e66717) Importer(815301076,1909f56bfc062723c751e8b465ee728b)
Start importing Assets/Suburban Structure Kit/Prefabs/BuildingPartsPrefabs/WindowDoubleGrilledSlider.prefab using Guid(6716fc24fc690d34d9645e4e83e66717) Importer(815301076,1909f56bfc062723c751e8b465ee728b)  -> (artifact id: '2f159f3800777962df6ef3b41de02ffc') in 0.013500 seconds 
========================================================================
Received Import Request.
  Time since last request: 0.000024 seconds.
  path: Assets/Suburban Structure Kit/Prefabs/BuildingPartsPrefabs/IndoorTriangle.prefab
  artifactKey: Guid(e21c66824049d504aa4e73a146f2bf34) Importer(815301076,1909f56bfc062723c751e8b465ee728b)
Start importing Assets/Suburban Structure Kit/Prefabs/BuildingPartsPrefabs/IndoorTriangle.prefab using Guid(e21c66824049d504aa4e73a146f2bf34) Importer(815301076,1909f56bfc062723c751e8b465ee728b)  -> (artifact id: 'fd43e2aca515315b6de461efd3dda1fb') in 0.011959 seconds 
========================================================================
Received Import Request.
  Time since last request: 0.000034 seconds.
  path: Assets/Suburban Structure Kit/Prefabs/BuildingPartsPrefabs/Dripedge.prefab
  artifactKey: Guid(e3c6c54b2505abb409dc7d08aeb29c8f) Importer(815301076,1909f56bfc062723c751e8b465ee728b)
Start importing Assets/Suburban Structure Kit/Prefabs/BuildingPartsPrefabs/Dripedge.prefab using Guid(e3c6c54b2505abb409dc7d08aeb29c8f) Importer(815301076,1909f56bfc062723c751e8b465ee728b)  -> (artifact id: '5a1688b9b5b411c53485765090298138') in 0.012153 seconds 
========================================================================
Received Import Request.
  Time since last request: 0.000017 seconds.
  path: Assets/Suburban Structure Kit/Prefabs/BuildingPartsPrefabs/Doorway2LiteandHeader.prefab
  artifactKey: Guid(b7c5317bac06228478447b273856f43c) Importer(815301076,1909f56bfc062723c751e8b465ee728b)
Start importing Assets/Suburban Structure Kit/Prefabs/BuildingPartsPrefabs/Doorway2LiteandHeader.prefab using Guid(b7c5317bac06228478447b273856f43c) Importer(815301076,1909f56bfc062723c751e8b465ee728b)  -> (artifact id: 'dc0da68b5d2a299ad342a98c579ada57') in 0.015041 seconds 
========================================================================
Received Import Request.
  Time since last request: 0.000017 seconds.
  path: Assets/Suburban Structure Kit/Prefabs/BuildingPartsPrefabs/DoorQuarterGlassSlab.prefab
  artifactKey: Guid(0802041c946de5447a29144908983ac9) Importer(815301076,1909f56bfc062723c751e8b465ee728b)
Start importing Assets/Suburban Structure Kit/Prefabs/BuildingPartsPrefabs/DoorQuarterGlassSlab.prefab using Guid(0802041c946de5447a29144908983ac9) Importer(815301076,1909f56bfc062723c751e8b465ee728b)  -> (artifact id: 'b843e011174f5b7fa6287f94a4cbe580') in 0.015857 seconds 
========================================================================
Received Import Request.
  Time since last request: 0.000022 seconds.
  path: Assets/Suburban Structure Kit/Prefabs/BuildingPartsPrefabs/SquarePillar.prefab
  artifactKey: Guid(28b2ab3d98f891b4a879ffbdea7707af) Importer(815301076,1909f56bfc062723c751e8b465ee728b)
Start importing Assets/Suburban Structure Kit/Prefabs/BuildingPartsPrefabs/SquarePillar.prefab using Guid(28b2ab3d98f891b4a879ffbdea7707af) Importer(815301076,1909f56bfc062723c751e8b465ee728b)  -> (artifact id: '16de58334d4a93a5bfb1b67dd6961013') in 0.011947 seconds 
========================================================================
Received Import Request.
  Time since last request: 0.000019 seconds.
  path: Assets/Suburban Structure Kit/Prefabs/BuildingPartsPrefabs/InteriorWallSingleWindow.prefab
  artifactKey: Guid(d0066f555a799bd41a6853cfb16e746d) Importer(815301076,1909f56bfc062723c751e8b465ee728b)
Start importing Assets/Suburban Structure Kit/Prefabs/BuildingPartsPrefabs/InteriorWallSingleWindow.prefab using Guid(d0066f555a799bd41a6853cfb16e746d) Importer(815301076,1909f56bfc062723c751e8b465ee728b)  -> (artifact id: '3e65e5c893cf67f792e2cfce0584c334') in 0.012978 seconds 
========================================================================
Received Import Request.
  Time since last request: 0.000021 seconds.
  path: Assets/Suburban Structure Kit/Prefabs/BuildingPartsPrefabs/StraightSidingTriangle2.prefab
  artifactKey: Guid(48a0744c97b288c4397d01334ccf1c81) Importer(815301076,1909f56bfc062723c751e8b465ee728b)
Start importing Assets/Suburban Structure Kit/Prefabs/BuildingPartsPrefabs/StraightSidingTriangle2.prefab using Guid(48a0744c97b288c4397d01334ccf1c81) Importer(815301076,1909f56bfc062723c751e8b465ee728b)  -> (artifact id: '526362b2f546355509568e2dacb8bf73') in 0.014694 seconds 
========================================================================
Received Import Request.
  Time since last request: 0.000022 seconds.
  path: Assets/Suburban Structure Kit/Prefabs/BuildingPartsPrefabs/GarageDoorway.prefab
  artifactKey: Guid(f704066d94e118644b891c9680f420b2) Importer(815301076,1909f56bfc062723c751e8b465ee728b)
Start importing Assets/Suburban Structure Kit/Prefabs/BuildingPartsPrefabs/GarageDoorway.prefab using Guid(f704066d94e118644b891c9680f420b2) Importer(815301076,1909f56bfc062723c751e8b465ee728b)  -> (artifact id: 'f3a2c9f0bee4f060673793e80727f1d6') in 0.013270 seconds 
========================================================================
Received Import Request.
  Time since last request: 0.000021 seconds.
  path: Assets/Suburban Structure Kit/Prefabs/BuildingPartsPrefabs/DoorknobVictorian.prefab
  artifactKey: Guid(adf5beccc1c80fe409e4d1931e039e5e) Importer(815301076,1909f56bfc062723c751e8b465ee728b)
Start importing Assets/Suburban Structure Kit/Prefabs/BuildingPartsPrefabs/DoorknobVictorian.prefab using Guid(adf5beccc1c80fe409e4d1931e039e5e) Importer(815301076,1909f56bfc062723c751e8b465ee728b)  -> (artifact id: '364446b4af880dce5a31adab48ebc589') in 0.014828 seconds 
========================================================================
Received Import Request.
  Time since last request: 0.000022 seconds.
  path: Assets/Suburban Structure Kit/Prefabs/BuildingPartsPrefabs/CedarTriangle.prefab
  artifactKey: Guid(d76622e910fb79945a3375afffa6d274) Importer(815301076,1909f56bfc062723c751e8b465ee728b)
Start importing Assets/Suburban Structure Kit/Prefabs/BuildingPartsPrefabs/CedarTriangle.prefab using Guid(d76622e910fb79945a3375afffa6d274) Importer(815301076,1909f56bfc062723c751e8b465ee728b)  -> (artifact id: 'f315a3d46e8f64da07af27400becd78d') in 0.016320 seconds 
========================================================================
Received Import Request.
  Time since last request: 0.000018 seconds.
  path: Assets/Suburban Structure Kit/Prefabs/BuildingPartsPrefabs/Doorbell.prefab
  artifactKey: Guid(b16e166cba5fe6b448c44a4db247e8fe) Importer(815301076,1909f56bfc062723c751e8b465ee728b)
Start importing Assets/Suburban Structure Kit/Prefabs/BuildingPartsPrefabs/Doorbell.prefab using Guid(b16e166cba5fe6b448c44a4db247e8fe) Importer(815301076,1909f56bfc062723c751e8b465ee728b)  -> (artifact id: '32dc60c13791a0fb86221fb8951d519a') in 0.015600 seconds 
========================================================================
Received Import Request.
  Time since last request: 0.000023 seconds.
  path: Assets/Suburban Structure Kit/Prefabs/BuildingPartsPrefabs/CasingColonial.prefab
  artifactKey: Guid(899d497d16a81e34eb745a1f2d94ef7e) Importer(815301076,1909f56bfc062723c751e8b465ee728b)
Start importing Assets/Suburban Structure Kit/Prefabs/BuildingPartsPrefabs/CasingColonial.prefab using Guid(899d497d16a81e34eb745a1f2d94ef7e) Importer(815301076,1909f56bfc062723c751e8b465ee728b)  -> (artifact id: '926de4d805504273521a9384e7fe24eb') in 0.011414 seconds 
========================================================================
Received Import Request.
  Time since last request: 0.000027 seconds.
  path: Assets/Suburban Structure Kit/Prefabs/BuildingPartsPrefabs/Dripedgecorner.prefab
  artifactKey: Guid(2d1f605ddcf18d94b95c24872d2ccbe5) Importer(815301076,1909f56bfc062723c751e8b465ee728b)
Start importing Assets/Suburban Structure Kit/Prefabs/BuildingPartsPrefabs/Dripedgecorner.prefab using Guid(2d1f605ddcf18d94b95c24872d2ccbe5) Importer(815301076,1909f56bfc062723c751e8b465ee728b)  -> (artifact id: 'bbb14febdfeff401ab31c07de05ce3d2') in 0.013491 seconds 
========================================================================
Received Import Request.
  Time since last request: 0.000039 seconds.
  path: Assets/Suburban Structure Kit/Prefabs/BuildingPartsPrefabs/WindowDoubleCasing1.prefab
  artifactKey: Guid(b0188e5bf91c9b540b9f1bcc550d3f9c) Importer(815301076,1909f56bfc062723c751e8b465ee728b)
Start importing Assets/Suburban Structure Kit/Prefabs/BuildingPartsPrefabs/WindowDoubleCasing1.prefab using Guid(b0188e5bf91c9b540b9f1bcc550d3f9c) Importer(815301076,1909f56bfc062723c751e8b465ee728b)  -> (artifact id: '0444203d5f61cc141875273bc6714915') in 0.012319 seconds 
========================================================================
Received Import Request.
  Time since last request: 0.000021 seconds.
  path: Assets/Suburban Structure Kit/Prefabs/BuildingPartsPrefabs/DoorJamb.prefab
  artifactKey: Guid(d23509ba8c6e53a4fb65f7cb0f7ee897) Importer(815301076,1909f56bfc062723c751e8b465ee728b)
Start importing Assets/Suburban Structure Kit/Prefabs/BuildingPartsPrefabs/DoorJamb.prefab using Guid(d23509ba8c6e53a4fb65f7cb0f7ee897) Importer(815301076,1909f56bfc062723c751e8b465ee728b)  -> (artifact id: 'a0945d628e40eada8dd0dcba2fc2f108') in 0.013286 seconds 
========================================================================
Received Import Request.
  Time since last request: 0.000023 seconds.
  path: Assets/Suburban Structure Kit/Prefabs/BuildingPartsPrefabs/DoorwayStandard.prefab
  artifactKey: Guid(cc4e5b940511edc469dbc1c752cd4db4) Importer(815301076,1909f56bfc062723c751e8b465ee728b)
Start importing Assets/Suburban Structure Kit/Prefabs/BuildingPartsPrefabs/DoorwayStandard.prefab using Guid(cc4e5b940511edc469dbc1c752cd4db4) Importer(815301076,1909f56bfc062723c751e8b465ee728b)  -> (artifact id: '06a3e3c7ba95589ad99b8a5125d3f9eb') in 0.011332 seconds 
========================================================================
Received Import Request.
  Time since last request: 0.000021 seconds.
  path: Assets/Suburban Structure Kit/Prefabs/BuildingPartsPrefabs/SquarePillar 1.prefab
  artifactKey: Guid(829b7ba23226f524fa11e3ca5d571d38) Importer(815301076,1909f56bfc062723c751e8b465ee728b)
Start importing Assets/Suburban Structure Kit/Prefabs/BuildingPartsPrefabs/SquarePillar 1.prefab using Guid(829b7ba23226f524fa11e3ca5d571d38) Importer(815301076,1909f56bfc062723c751e8b465ee728b)  -> (artifact id: 'b23572144cb8a3b5d13d7d16fa43b5e7') in 0.018624 seconds 
========================================================================
Received Import Request.
  Time since last request: 0.000022 seconds.
  path: Assets/Suburban Structure Kit/Prefabs/BuildingPartsPrefabs/DoorHalfGlassSliderSlab.prefab
  artifactKey: Guid(f91d3b562ff87e44abc922e66595d6b3) Importer(815301076,1909f56bfc062723c751e8b465ee728b)
Start importing Assets/Suburban Structure Kit/Prefabs/BuildingPartsPrefabs/DoorHalfGlassSliderSlab.prefab using Guid(f91d3b562ff87e44abc922e66595d6b3) Importer(815301076,1909f56bfc062723c751e8b465ee728b)  -> (artifact id: 'f5cc6a9a8551b80f4448868e7ceeb062') in 0.013335 seconds 
========================================================================
Received Import Request.
  Time since last request: 0.000020 seconds.
  path: Assets/Suburban Structure Kit/Prefabs/BuildingPartsPrefabs/SquareStraightPillar.prefab
  artifactKey: Guid(6785a97c7d7672d448905467db8838aa) Importer(815301076,1909f56bfc062723c751e8b465ee728b)
Start importing Assets/Suburban Structure Kit/Prefabs/BuildingPartsPrefabs/SquareStraightPillar.prefab using Guid(6785a97c7d7672d448905467db8838aa) Importer(815301076,1909f56bfc062723c751e8b465ee728b)  -> (artifact id: 'd54eb8ef648fcace9ebf09b3e857fd37') in 0.012562 seconds 
========================================================================
Received Import Request.
  Time since last request: 0.000026 seconds.
  path: Assets/Suburban Structure Kit/Prefabs/BuildingPartsPrefabs/ConcreteSlab.prefab
  artifactKey: Guid(1a5fd182d9e440347b95d1b998ec1bbb) Importer(815301076,1909f56bfc062723c751e8b465ee728b)
Start importing Assets/Suburban Structure Kit/Prefabs/BuildingPartsPrefabs/ConcreteSlab.prefab using Guid(1a5fd182d9e440347b95d1b998ec1bbb) Importer(815301076,1909f56bfc062723c751e8b465ee728b)  -> (artifact id: '72797401a58a412106de4d59cfdd8252') in 0.013468 seconds 
========================================================================
Received Import Request.
  Time since last request: 0.000028 seconds.
  path: Assets/Suburban Structure Kit/Prefabs/BuildingPartsPrefabs/WindowDoubleSlider.prefab
  artifactKey: Guid(ad89ff43b40605949ac051366240b8ec) Importer(815301076,1909f56bfc062723c751e8b465ee728b)
Start importing Assets/Suburban Structure Kit/Prefabs/BuildingPartsPrefabs/WindowDoubleSlider.prefab using Guid(ad89ff43b40605949ac051366240b8ec) Importer(815301076,1909f56bfc062723c751e8b465ee728b)  -> (artifact id: 'd3c3ab1a922a655ea11305131d7267bc') in 0.013572 seconds 
========================================================================
Received Import Request.
  Time since last request: 0.000021 seconds.
  path: Assets/Suburban Structure Kit/Prefabs/BuildingPartsPrefabs/JBlockSquare1.prefab
  artifactKey: Guid(7f888ccc7827af241815998a7c1d8bc8) Importer(815301076,1909f56bfc062723c751e8b465ee728b)
Start importing Assets/Suburban Structure Kit/Prefabs/BuildingPartsPrefabs/JBlockSquare1.prefab using Guid(7f888ccc7827af241815998a7c1d8bc8) Importer(815301076,1909f56bfc062723c751e8b465ee728b)  -> (artifact id: 'ab5bc9235c40c6f3e6af9aab01906676') in 0.015501 seconds 
========================================================================
Received Import Request.
  Time since last request: 0.000020 seconds.
  path: Assets/Suburban Structure Kit/Prefabs/BuildingPartsPrefabs/CrownMoulding.prefab
  artifactKey: Guid(3674916a7726a9d49982a7038ce38c9f) Importer(815301076,1909f56bfc062723c751e8b465ee728b)
Start importing Assets/Suburban Structure Kit/Prefabs/BuildingPartsPrefabs/CrownMoulding.prefab using Guid(3674916a7726a9d49982a7038ce38c9f) Importer(815301076,1909f56bfc062723c751e8b465ee728b)  -> (artifact id: '0da794b6760b8d4557c28be7b20af29a') in 0.010948 seconds 
========================================================================
Received Import Request.
  Time since last request: 0.000025 seconds.
  path: Assets/Suburban Structure Kit/Prefabs/BuildingPartsPrefabs/EntryThumbLatch1.prefab
  artifactKey: Guid(3e112551083fc5d48baf580648ddb45e) Importer(815301076,1909f56bfc062723c751e8b465ee728b)
Start importing Assets/Suburban Structure Kit/Prefabs/BuildingPartsPrefabs/EntryThumbLatch1.prefab using Guid(3e112551083fc5d48baf580648ddb45e) Importer(815301076,1909f56bfc062723c751e8b465ee728b)  -> (artifact id: 'c450993df3faec24e87d265f07f7aeff') in 0.014747 seconds 
========================================================================
Received Import Request.
  Time since last request: 0.000024 seconds.
  path: Assets/Suburban Structure Kit/Prefabs/BuildingPartsPrefabs/InteriorStairsSingle.prefab
  artifactKey: Guid(0c51fa29918878746b4633157a83e12a) Importer(815301076,1909f56bfc062723c751e8b465ee728b)
Start importing Assets/Suburban Structure Kit/Prefabs/BuildingPartsPrefabs/InteriorStairsSingle.prefab using Guid(0c51fa29918878746b4633157a83e12a) Importer(815301076,1909f56bfc062723c751e8b465ee728b)  -> (artifact id: 'eb62eac76901bde3ff26f0f7ece1a6e3') in 0.014064 seconds 
========================================================================
Received Import Request.
  Time since last request: 0.000031 seconds.
  path: Assets/Suburban Structure Kit/Prefabs/BuildingPartsPrefabs/Handrail.prefab
  artifactKey: Guid(14e59ad51288a9a4282be236d0512cac) Importer(815301076,1909f56bfc062723c751e8b465ee728b)
Start importing Assets/Suburban Structure Kit/Prefabs/BuildingPartsPrefabs/Handrail.prefab using Guid(14e59ad51288a9a4282be236d0512cac) Importer(815301076,1909f56bfc062723c751e8b465ee728b)  -> (artifact id: '83911d89f42e1b18d5040a8854036e10') in 0.013104 seconds 
========================================================================
Received Import Request.
  Time since last request: 0.000021 seconds.
  path: Assets/Suburban Structure Kit/Prefabs/BuildingPartsPrefabs/WindowFixedDouble.prefab
  artifactKey: Guid(20fa9c8b2032a5b40a655192d73225af) Importer(815301076,1909f56bfc062723c751e8b465ee728b)
Start importing Assets/Suburban Structure Kit/Prefabs/BuildingPartsPrefabs/WindowFixedDouble.prefab using Guid(20fa9c8b2032a5b40a655192d73225af) Importer(815301076,1909f56bfc062723c751e8b465ee728b)  -> (artifact id: 'dd6a377539f1fded6c9add2b3880520c') in 0.012218 seconds 
========================================================================
Received Import Request.
  Time since last request: 0.000033 seconds.
  path: Assets/Suburban Structure Kit/Prefabs/BuildingPartsPrefabs/StackedStoneWall.prefab
  artifactKey: Guid(e49c645f6401b10428117b35d9f22926) Importer(815301076,1909f56bfc062723c751e8b465ee728b)
Start importing Assets/Suburban Structure Kit/Prefabs/BuildingPartsPrefabs/StackedStoneWall.prefab using Guid(e49c645f6401b10428117b35d9f22926) Importer(815301076,1909f56bfc062723c751e8b465ee728b)  -> (artifact id: 'dff23316fd26b09f7bfcc2adbd94d62c') in 0.016699 seconds 
========================================================================
Received Import Request.
  Time since last request: 0.000023 seconds.
  path: Assets/Suburban Structure Kit/Prefabs/BuildingPartsPrefabs/WindowFixedSingle.prefab
  artifactKey: Guid(052c7f1b36eca9041a3649d70f4a8ffd) Importer(815301076,1909f56bfc062723c751e8b465ee728b)
Start importing Assets/Suburban Structure Kit/Prefabs/BuildingPartsPrefabs/WindowFixedSingle.prefab using Guid(052c7f1b36eca9041a3649d70f4a8ffd) Importer(815301076,1909f56bfc062723c751e8b465ee728b)  -> (artifact id: 'b8ad1301964e0428b92136cbb0d87d8d') in 0.011671 seconds 
========================================================================
Received Import Request.
  Time since last request: 0.000020 seconds.
  path: Assets/Suburban Structure Kit/Prefabs/BuildingPartsPrefabs/DoorSweep1.prefab
  artifactKey: Guid(6cc5ec3cd5674664699934df18f4ee5a) Importer(815301076,1909f56bfc062723c751e8b465ee728b)
Start importing Assets/Suburban Structure Kit/Prefabs/BuildingPartsPrefabs/DoorSweep1.prefab using Guid(6cc5ec3cd5674664699934df18f4ee5a) Importer(815301076,1909f56bfc062723c751e8b465ee728b)  -> (artifact id: 'b4b726dee7ac531bd722b8d9587e8bc6') in 0.016761 seconds 
========================================================================
Received Import Request.
  Time since last request: 0.000021 seconds.
  path: Assets/Suburban Structure Kit/Prefabs/BuildingPartsPrefabs/FloorOutdoor.prefab
  artifactKey: Guid(ab0c49086dad75046ac03fb886f5d22f) Importer(815301076,1909f56bfc062723c751e8b465ee728b)
Start importing Assets/Suburban Structure Kit/Prefabs/BuildingPartsPrefabs/FloorOutdoor.prefab using Guid(ab0c49086dad75046ac03fb886f5d22f) Importer(815301076,1909f56bfc062723c751e8b465ee728b)  -> (artifact id: '58e4b42f57ede82abb5a274885c7f1d2') in 0.012538 seconds 
========================================================================
Received Import Request.
  Time since last request: 0.000025 seconds.
  path: Assets/Suburban Structure Kit/Prefabs/BuildingPartsPrefabs/EaveDownpipe45.prefab
  artifactKey: Guid(47da2000a85029b41a21df4448854478) Importer(815301076,1909f56bfc062723c751e8b465ee728b)
Start importing Assets/Suburban Structure Kit/Prefabs/BuildingPartsPrefabs/EaveDownpipe45.prefab using Guid(47da2000a85029b41a21df4448854478) Importer(815301076,1909f56bfc062723c751e8b465ee728b)  -> (artifact id: 'a5f7b8b6eb14c2fd1736ddb72dce8723') in 0.013940 seconds 
========================================================================
Received Import Request.
  Time since last request: 0.000022 seconds.
  path: Assets/Suburban Structure Kit/Prefabs/BuildingPartsPrefabs/DeadboltPlate.prefab
  artifactKey: Guid(cd9a16dc025854e478710f5f6208cb46) Importer(815301076,1909f56bfc062723c751e8b465ee728b)
Start importing Assets/Suburban Structure Kit/Prefabs/BuildingPartsPrefabs/DeadboltPlate.prefab using Guid(cd9a16dc025854e478710f5f6208cb46) Importer(815301076,1909f56bfc062723c751e8b465ee728b)  -> (artifact id: 'dd393b4f83d7845d7b8fac4bac519186') in 0.014552 seconds 
========================================================================
Received Import Request.
  Time since last request: 0.000020 seconds.
  path: Assets/Suburban Structure Kit/Prefabs/BuildingPartsPrefabs/CoveSiding.prefab
  artifactKey: Guid(9cd98c257de75524d85e627779fd2b6f) Importer(815301076,1909f56bfc062723c751e8b465ee728b)
Start importing Assets/Suburban Structure Kit/Prefabs/BuildingPartsPrefabs/CoveSiding.prefab using Guid(9cd98c257de75524d85e627779fd2b6f) Importer(815301076,1909f56bfc062723c751e8b465ee728b)  -> (artifact id: 'ee8f19e71b7833a55c7da1c4d35b8c86') in 0.012296 seconds 
========================================================================
Received Import Request.
  Time since last request: 0.000024 seconds.
  path: Assets/Suburban Structure Kit/Prefabs/BuildingPartsPrefabs/WindowGrilledSlider.prefab
  artifactKey: Guid(a5b17e59e720cc248bf072b8373907fc) Importer(815301076,1909f56bfc062723c751e8b465ee728b)
Start importing Assets/Suburban Structure Kit/Prefabs/BuildingPartsPrefabs/WindowGrilledSlider.prefab using Guid(a5b17e59e720cc248bf072b8373907fc) Importer(815301076,1909f56bfc062723c751e8b465ee728b)  -> (artifact id: 'dce84dd07a3367f5b47b9a338ef59f2b') in 0.011444 seconds 
========================================================================
Received Import Request.
  Time since last request: 0.000021 seconds.
  path: Assets/Suburban Structure Kit/Prefabs/BuildingPartsPrefabs/DoorknobGeorgian.prefab
  artifactKey: Guid(2db173d62b6306d4393ec30c9c7b1c1f) Importer(815301076,1909f56bfc062723c751e8b465ee728b)
Start importing Assets/Suburban Structure Kit/Prefabs/BuildingPartsPrefabs/DoorknobGeorgian.prefab using Guid(2db173d62b6306d4393ec30c9c7b1c1f) Importer(815301076,1909f56bfc062723c751e8b465ee728b)  -> (artifact id: '019ed729b7e0abfc56fc0dc8c99815c0') in 0.015982 seconds 
========================================================================
Received Import Request.
  Time since last request: 0.000050 seconds.
  path: Assets/Suburban Structure Kit/Prefabs/BuildingPartsPrefabs/GarageDoorSquareGrilled.prefab
  artifactKey: Guid(d9cf36228a0dbdc41b53467d5621adf7) Importer(815301076,1909f56bfc062723c751e8b465ee728b)
Start importing Assets/Suburban Structure Kit/Prefabs/BuildingPartsPrefabs/GarageDoorSquareGrilled.prefab using Guid(d9cf36228a0dbdc41b53467d5621adf7) Importer(815301076,1909f56bfc062723c751e8b465ee728b)  -> (artifact id: 'cca2dbeb3c3ffa0397fb1e12b43a4dad') in 0.016494 seconds 
========================================================================
Received Import Request.
  Time since last request: 0.000029 seconds.
  path: Assets/Suburban Structure Kit/Prefabs/BuildingPartsPrefabs/BaseboardColonialOScorner.prefab
  artifactKey: Guid(cddd7093b2c278d4d8943b5929455d1f) Importer(815301076,1909f56bfc062723c751e8b465ee728b)
Start importing Assets/Suburban Structure Kit/Prefabs/BuildingPartsPrefabs/BaseboardColonialOScorner.prefab using Guid(cddd7093b2c278d4d8943b5929455d1f) Importer(815301076,1909f56bfc062723c751e8b465ee728b)  -> (artifact id: 'b3b504d70446183bcc77277c8f97cefe') in 0.012327 seconds 
========================================================================
Received Import Request.
  Time since last request: 0.000029 seconds.
  path: Assets/Suburban Structure Kit/Prefabs/BuildingPartsPrefabs/WindowSingleSlider.prefab
  artifactKey: Guid(cff5b07fa93c434429cd753738e9aed0) Importer(815301076,1909f56bfc062723c751e8b465ee728b)
Start importing Assets/Suburban Structure Kit/Prefabs/BuildingPartsPrefabs/WindowSingleSlider.prefab using Guid(cff5b07fa93c434429cd753738e9aed0) Importer(815301076,1909f56bfc062723c751e8b465ee728b)  -> (artifact id: '0ee764642a7fd4641231944517df99b2') in 0.012729 seconds 
========================================================================
Received Import Request.
  Time since last request: 0.000024 seconds.
  path: Assets/Suburban Structure Kit/Prefabs/BuildingPartsPrefabs/DoorHalfGlassPanelSlab.prefab
  artifactKey: Guid(796f570d6359fe24f8fb00d7c1f742c8) Importer(815301076,1909f56bfc062723c751e8b465ee728b)
Start importing Assets/Suburban Structure Kit/Prefabs/BuildingPartsPrefabs/DoorHalfGlassPanelSlab.prefab using Guid(796f570d6359fe24f8fb00d7c1f742c8) Importer(815301076,1909f56bfc062723c751e8b465ee728b)  -> (artifact id: 'dfb04768066fe648a57d87b0e7c45be6') in 0.017023 seconds 
========================================================================
Received Import Request.
  Time since last request: 0.000017 seconds.
  path: Assets/Suburban Structure Kit/Prefabs/BuildingPartsPrefabs/StraightSiding.prefab
  artifactKey: Guid(1ace3813515042845bc4ec9ca1e51f68) Importer(815301076,1909f56bfc062723c751e8b465ee728b)
Start importing Assets/Suburban Structure Kit/Prefabs/BuildingPartsPrefabs/StraightSiding.prefab using Guid(1ace3813515042845bc4ec9ca1e51f68) Importer(815301076,1909f56bfc062723c751e8b465ee728b)  -> (artifact id: 'e13f096aab70f0a62d07e12e7b3f1e31') in 0.011840 seconds 
========================================================================
Received Import Request.
  Time since last request: 0.000023 seconds.
  path: Assets/Suburban Structure Kit/Prefabs/BuildingPartsPrefabs/InteriorStairsHalf.prefab
  artifactKey: Guid(3d679d27e85df4146b570cb7d0c3b4ba) Importer(815301076,1909f56bfc062723c751e8b465ee728b)
Start importing Assets/Suburban Structure Kit/Prefabs/BuildingPartsPrefabs/InteriorStairsHalf.prefab using Guid(3d679d27e85df4146b570cb7d0c3b4ba) Importer(815301076,1909f56bfc062723c751e8b465ee728b)  -> (artifact id: 'e4eb501b60ec956ffa2e0274bd027e23') in 0.016515 seconds 
========================================================================
Received Import Request.
  Time since last request: 0.000026 seconds.
  path: Assets/Suburban Structure Kit/Prefabs/BuildingPartsPrefabs/CoveSidingTriangle1.prefab
  artifactKey: Guid(a30a3e4682dba414681eb28e4de37c8b) Importer(815301076,1909f56bfc062723c751e8b465ee728b)
Start importing Assets/Suburban Structure Kit/Prefabs/BuildingPartsPrefabs/CoveSidingTriangle1.prefab using Guid(a30a3e4682dba414681eb28e4de37c8b) Importer(815301076,1909f56bfc062723c751e8b465ee728b)  -> (artifact id: '6eb51d4568ce2596051f364206735261') in 0.013983 seconds 
========================================================================
Received Import Request.
  Time since last request: 0.000021 seconds.
  path: Assets/Suburban Structure Kit/Prefabs/BuildingPartsPrefabs/BaseboardColonial.prefab
  artifactKey: Guid(004cc6a640d4fb04a9aa6d6056b8a85e) Importer(815301076,1909f56bfc062723c751e8b465ee728b)
Start importing Assets/Suburban Structure Kit/Prefabs/BuildingPartsPrefabs/BaseboardColonial.prefab using Guid(004cc6a640d4fb04a9aa6d6056b8a85e) Importer(815301076,1909f56bfc062723c751e8b465ee728b)  -> (artifact id: 'fec922e271a59fc316246c8193f15a32') in 0.013626 seconds 
========================================================================
Received Import Request.
  Time since last request: 0.000037 seconds.
  path: Assets/Suburban Structure Kit/Prefabs/BuildingPartsPrefabs/CornerBead.prefab
  artifactKey: Guid(b4137ce641c4c4c4c8527a12afddf0d5) Importer(815301076,1909f56bfc062723c751e8b465ee728b)
Start importing Assets/Suburban Structure Kit/Prefabs/BuildingPartsPrefabs/CornerBead.prefab using Guid(b4137ce641c4c4c4c8527a12afddf0d5) Importer(815301076,1909f56bfc062723c751e8b465ee728b)  -> (artifact id: '364f6966185f3f491eb9364c18a3f59b') in 0.009637 seconds 
========================================================================
Received Import Request.
  Time since last request: 0.000034 seconds.
  path: Assets/Suburban Structure Kit/Prefabs/BuildingPartsPrefabs/Overhang.prefab
  artifactKey: Guid(9a7a664181341384bbb99e15a73ec114) Importer(815301076,1909f56bfc062723c751e8b465ee728b)
Start importing Assets/Suburban Structure Kit/Prefabs/BuildingPartsPrefabs/Overhang.prefab using Guid(9a7a664181341384bbb99e15a73ec114) Importer(815301076,1909f56bfc062723c751e8b465ee728b)  -> (artifact id: '3694644ddb8e8f897f3130c98b26656f') in 0.015285 seconds 
========================================================================
Received Import Request.
  Time since last request: 0.000022 seconds.
  path: Assets/Suburban Structure Kit/Prefabs/BuildingPartsPrefabs/BostonHeader.prefab
  artifactKey: Guid(a9e7be6eb0bedd9459c64a7b2d1b63d5) Importer(815301076,1909f56bfc062723c751e8b465ee728b)
Start importing Assets/Suburban Structure Kit/Prefabs/BuildingPartsPrefabs/BostonHeader.prefab using Guid(a9e7be6eb0bedd9459c64a7b2d1b63d5) Importer(815301076,1909f56bfc062723c751e8b465ee728b)  -> (artifact id: 'b64198d0c5fae165abc9d3c18fddb7b9') in 0.012812 seconds 
========================================================================
Received Import Request.
  Time since last request: 0.000018 seconds.
  path: Assets/Suburban Structure Kit/Prefabs/BuildingPartsPrefabs/StraightSidingTriangle3.prefab
  artifactKey: Guid(f0bf5566da98d824d9c5c0eb00319cf3) Importer(815301076,1909f56bfc062723c751e8b465ee728b)
Start importing Assets/Suburban Structure Kit/Prefabs/BuildingPartsPrefabs/StraightSidingTriangle3.prefab using Guid(f0bf5566da98d824d9c5c0eb00319cf3) Importer(815301076,1909f56bfc062723c751e8b465ee728b)  -> (artifact id: '239c93cede9d2b8a6e4d847ef7d0feaa') in 0.009399 seconds 
========================================================================
Received Import Request.
  Time since last request: 0.000028 seconds.
  path: Assets/Suburban Structure Kit/Prefabs/BuildingPartsPrefabs/StraightSidingTriangle1.prefab
  artifactKey: Guid(311e7bbbec70278408b39cea1ed46650) Importer(815301076,1909f56bfc062723c751e8b465ee728b)
Start importing Assets/Suburban Structure Kit/Prefabs/BuildingPartsPrefabs/StraightSidingTriangle1.prefab using Guid(311e7bbbec70278408b39cea1ed46650) Importer(815301076,1909f56bfc062723c751e8b465ee728b)  -> (artifact id: '399300e05a930ee8120e97a7ea76810b') in 0.012863 seconds 
========================================================================
Received Import Request.
  Time since last request: 0.000028 seconds.
  path: Assets/Suburban Structure Kit/Prefabs/BuildingPartsPrefabs/ArchCorner.prefab
  artifactKey: Guid(fc1ef2f0fa59c3d4dbd8e54b9dda70b1) Importer(815301076,1909f56bfc062723c751e8b465ee728b)
Start importing Assets/Suburban Structure Kit/Prefabs/BuildingPartsPrefabs/ArchCorner.prefab using Guid(fc1ef2f0fa59c3d4dbd8e54b9dda70b1) Importer(815301076,1909f56bfc062723c751e8b465ee728b)  -> (artifact id: '1b19e4d5ab73365144fe163306a53344') in 0.013257 seconds 
========================================================================
Received Import Request.
  Time since last request: 0.000017 seconds.
  path: Assets/Suburban Structure Kit/Prefabs/BuildingPartsPrefabs/DoorCasing1.prefab
  artifactKey: Guid(c2a4b594ffd29fd43b38f1358d47e828) Importer(815301076,1909f56bfc062723c751e8b465ee728b)
Start importing Assets/Suburban Structure Kit/Prefabs/BuildingPartsPrefabs/DoorCasing1.prefab using Guid(c2a4b594ffd29fd43b38f1358d47e828) Importer(815301076,1909f56bfc062723c751e8b465ee728b)  -> (artifact id: 'a1801c1e3cd91eb281502b0f3fd36839') in 0.012809 seconds 
========================================================================
Received Import Request.
  Time since last request: 1.456670 seconds.
  path: Assets/Suburban Structure Kit/Prefabs/FullPrefabs/GarageDetatchedVer1.prefab
  artifactKey: Guid(20dd690069cf4c647ac68f85a75d3694) Importer(815301076,1909f56bfc062723c751e8b465ee728b)
Start importing Assets/Suburban Structure Kit/Prefabs/FullPrefabs/GarageDetatchedVer1.prefab using Guid(20dd690069cf4c647ac68f85a75d3694) Importer(815301076,1909f56bfc062723c751e8b465ee728b)  -> (artifact id: 'eba08ca968a6843de2333f61d657ab07') in 0.086684 seconds 
========================================================================
Received Import Request.
  Time since last request: 0.000022 seconds.
  path: Assets/Suburban Structure Kit/Prefabs/FullPrefabs/SuburbanHouseVer1.prefab
  artifactKey: Guid(d18575db84348924490b1cafa3686243) Importer(815301076,1909f56bfc062723c751e8b465ee728b)
Start importing Assets/Suburban Structure Kit/Prefabs/FullPrefabs/SuburbanHouseVer1.prefab using Guid(d18575db84348924490b1cafa3686243) Importer(815301076,1909f56bfc062723c751e8b465ee728b)  -> (artifact id: 'feadfd0116d43a4b09ec695202f25b2f') in 0.171100 seconds 
========================================================================
Received Import Request.
  Time since last request: 0.000035 seconds.
  path: Assets/Suburban Structure Kit/Prefabs/FullPrefabs/SuburbanHouseVer3B.prefab
  artifactKey: Guid(e57a10b1c9016b742a3084e52be77b80) Importer(815301076,1909f56bfc062723c751e8b465ee728b)
Start importing Assets/Suburban Structure Kit/Prefabs/FullPrefabs/SuburbanHouseVer3B.prefab using Guid(e57a10b1c9016b742a3084e52be77b80) Importer(815301076,1909f56bfc062723c751e8b465ee728b)  -> (artifact id: 'ef993a3c730394330a9c6f77f19338c9') in 0.141246 seconds 
========================================================================
Received Import Request.
  Time since last request: 0.000032 seconds.
  path: Assets/Suburban Structure Kit/Prefabs/FullPrefabs/SuburbanHouseVer2.prefab
  artifactKey: Guid(fe44196c5e4e1444db4df3069ca7c43e) Importer(815301076,1909f56bfc062723c751e8b465ee728b)
Start importing Assets/Suburban Structure Kit/Prefabs/FullPrefabs/SuburbanHouseVer2.prefab using Guid(fe44196c5e4e1444db4df3069ca7c43e) Importer(815301076,1909f56bfc062723c751e8b465ee728b)  -> (artifact id: 'ecdba169f656daf1dadc4a8aa05d9ee0') in 0.214410 seconds 
========================================================================
Received Import Request.
  Time since last request: 0.000049 seconds.
  path: Assets/Suburban Structure Kit/Prefabs/FullPrefabs/SuburbanHouseVer3A.prefab
  artifactKey: Guid(914761b82962bf0468c45833469bb498) Importer(815301076,1909f56bfc062723c751e8b465ee728b)
Start importing Assets/Suburban Structure Kit/Prefabs/FullPrefabs/SuburbanHouseVer3A.prefab using Guid(914761b82962bf0468c45833469bb498) Importer(815301076,1909f56bfc062723c751e8b465ee728b)  -> (artifact id: 'af72ca8fbf8c37c736aec6fcc570c260') in 0.146065 seconds 
